#
# There is insufficient memory for the Java Runtime Environment to continue.
# Native memory allocation (malloc) failed to allocate 32744 bytes for ChunkPool::allocate
# Possible reasons:
#   The system is out of physical RAM or swap space
#   The process is running with CompressedOops enabled, and the Java Heap may be blocking the growth of the native heap
# Possible solutions:
#   Reduce memory load on the system
#   Increase physical memory or swap space
#   Check if swap backing store is full
#   Decrease Java heap size (-Xmx/-Xms)
#   Decrease number of Java threads
#   Decrease Java thread stack sizes (-Xss)
#   Set larger code cache with -XX:ReservedCodeCacheSize=
#   JVM is running with Unscaled Compressed Oops mode in which the Java heap is
#     placed in the first 4GB address space. The Java Heap base address is the
#     maximum limit for the native heap growth. Please use -XX:HeapBaseMinAddress
#     to set the Java Heap base and to place the Java Heap above 4GB virtual address.
# This output file may be truncated or incomplete.
#
#  Out of Memory Error (allocation.cpp:272), pid=1264, tid=0x00000000000050f4
#
# JRE version: Java(TM) SE Runtime Environment (8.0_271-b09) (build 1.8.0_271-b09)
# Java VM: Java HotSpot(TM) 64-Bit Server VM (25.271-b09 mixed mode windows-amd64 compressed oops)
# Failed to write core dump. Minidumps are not enabled by default on client versions of Windows
#

---------------  T H R E A D  ---------------

Current thread (0x00000200cbf78800):  JavaThread "Forwarding newSession on session null to remote" [_thread_in_native, id=20724, stack(0x0000004b95800000,0x0000004b95900000)]

Stack: [0x0000004b95800000,0x0000004b95900000]
Native frames: (J=compiled Java code, j=interpreted, Vv=VM code, C=native code)
V  [jvm.dll+0x33f6c9]

Java frames: (J=compiled Java code, j=interpreted, Vv=VM code)
j  java.util.Calendar.setWeekCountData(Ljava/util/Locale;)V+24
j  java.util.Calendar.<init>(Ljava/util/TimeZone;Ljava/util/Locale;)V+55
j  java.util.GregorianCalendar.<init>(Ljava/util/TimeZone;Ljava/util/Locale;Z)V+3
j  java.util.Calendar$Builder.build()Ljava/util/Calendar;+245
j  sun.util.locale.provider.CalendarProviderImpl.getInstance(Ljava/util/TimeZone;Ljava/util/Locale;)Ljava/util/Calendar;+21
j  java.util.Calendar.createCalendar(Ljava/util/TimeZone;Ljava/util/Locale;)Ljava/util/Calendar;+17
j  java.util.Calendar.getInstance(Ljava/util/Locale;)Ljava/util/Calendar;+4
j  java.util.Formatter$FormatSpecifier.printDateTime(Ljava/lang/Object;Ljava/util/Locale;)V+67
j  java.util.Formatter$FormatSpecifier.print(Ljava/lang/Object;Ljava/util/Locale;)V+10
j  java.util.Formatter.format(Ljava/util/Locale;Ljava/lang/String;[Ljava/lang/Object;)Ljava/util/Formatter;+247
j  java.util.Formatter.format(Ljava/lang/String;[Ljava/lang/Object;)Ljava/util/Formatter;+7
j  java.lang.String.format(Ljava/lang/String;[Ljava/lang/Object;)Ljava/lang/String;+9
j  java.util.logging.SimpleFormatter.format(Ljava/util/logging/LogRecord;)Ljava/lang/String;+173
j  java.util.logging.StreamHandler.publish(Ljava/util/logging/LogRecord;)V+14
j  java.util.logging.ConsoleHandler.publish(Ljava/util/logging/LogRecord;)V+2
j  java.util.logging.Logger.log(Ljava/util/logging/LogRecord;)V+87
j  java.util.logging.Logger.doLog(Ljava/util/logging/LogRecord;)V+46
j  java.util.logging.Logger.log(Ljava/util/logging/Level;Ljava/lang/String;)V+21
j  java.util.logging.Logger.severe(Ljava/lang/String;)V+5
j  org.openqa.selenium.os.OsProcess.checkForError()V+23
j  org.openqa.selenium.os.CommandLine.checkForError()V+4
j  org.openqa.selenium.remote.service.DriverService.waitUntilAvailable()V+82
j  org.openqa.selenium.remote.service.DriverService.start()V+81
j  org.openqa.selenium.remote.service.DriverCommandExecutor.execute(Lorg/openqa/selenium/remote/Command;)Lorg/openqa/selenium/remote/Response;+16
j  org.openqa.selenium.remote.RemoteWebDriver.execute(Ljava/lang/String;Ljava/util/Map;)Lorg/openqa/selenium/remote/Response;+74
j  org.openqa.selenium.remote.RemoteWebDriver.startSession(Lorg/openqa/selenium/Capabilities;)V+11
j  org.openqa.selenium.remote.RemoteWebDriver.<init>(Lorg/openqa/selenium/remote/CommandExecutor;Lorg/openqa/selenium/Capabilities;)V+65
j  org.openqa.selenium.chrome.ChromeDriver.<init>(Lorg/openqa/selenium/chrome/ChromeDriverService;Lorg/openqa/selenium/Capabilities;)V+10
j  org.openqa.selenium.chrome.ChromeDriver.<init>(Lorg/openqa/selenium/chrome/ChromeDriverService;Lorg/openqa/selenium/chrome/ChromeOptions;)V+3
j  org.openqa.selenium.chrome.ChromeDriver.<init>(Lorg/openqa/selenium/chrome/ChromeOptions;)V+5
j  BASE_UTILITY.BaseClass.openBrowser()V+35
j  BASE_UTILITY.KiteVerifyProfileNameTest.openbrowser()V+0
v  ~StubRoutines::call_stub
j  sun.reflect.NativeMethodAccessorImpl.invoke0(Ljava/lang/reflect/Method;Ljava/lang/Object;[Ljava/lang/Object;)Ljava/lang/Object;+0
j  sun.reflect.NativeMethodAccessorImpl.invoke(Ljava/lang/Object;[Ljava/lang/Object;)Ljava/lang/Object;+100
j  sun.reflect.DelegatingMethodAccessorImpl.invoke(Ljava/lang/Object;[Ljava/lang/Object;)Ljava/lang/Object;+6
j  java.lang.reflect.Method.invoke(Ljava/lang/Object;[Ljava/lang/Object;)Ljava/lang/Object;+56
j  org.testng.internal.MethodInvocationHelper.invokeMethod(Ljava/lang/reflect/Method;Ljava/lang/Object;[Ljava/lang/Object;)Ljava/lang/Object;+258
j  org.testng.internal.MethodInvocationHelper.invokeMethodConsideringTimeout(Lorg/testng/ITestNGMethod;Lorg/testng/internal/ConstructorOrMethod;Ljava/lang/Object;[Ljava/lang/Object;Lorg/testng/ITestResult;)V+15
j  org.testng.internal.ConfigInvoker.invokeConfigurationMethod(Ljava/lang/Object;Lorg/testng/ITestNGMethod;[Ljava/lang/Object;Lorg/testng/ITestResult;)V+143
j  org.testng.internal.ConfigInvoker.invokeConfigurations(Lorg/testng/internal/ConfigMethodArguments;)V+581
j  org.testng.internal.TestMethodWorker.invokeBeforeClassMethods(Lorg/testng/ITestClass;Lorg/testng/IMethodInstance;)V+159
j  org.testng.internal.TestMethodWorker.run()V+102
j  org.testng.TestRunner$$Lambda$51.accept(Ljava/lang/Object;)V+7
j  java.util.ArrayList.forEach(Ljava/util/function/Consumer;)V+47
j  org.testng.TestRunner.privateRun(Lorg/testng/xml/XmlTest;)V+356
j  org.testng.TestRunner.run()V+25
j  org.testng.SuiteRunner.runTest(Lorg/testng/TestRunner;)V+21
j  org.testng.SuiteRunner.runSequentially()V+31
j  org.testng.SuiteRunner.privateRun()V+296
j  org.testng.SuiteRunner.run()V+6
j  org.testng.SuiteRunnerWorker.runSuite(Lorg/testng/internal/SuiteRunnerMap;Lorg/testng/xml/XmlSuite;)V+87
j  org.testng.SuiteRunnerWorker.run()V+12
j  org.testng.TestNG.runSuitesSequentially(Lorg/testng/xml/XmlSuite;Lorg/testng/internal/SuiteRunnerMap;ILjava/lang/String;)V+66
j  org.testng.TestNG.runSuitesLocally()Ljava/util/List;+156
j  org.testng.TestNG.runSuites()Ljava/util/List;+1
j  org.testng.TestNG.run()V+25
j  org.testng.remote.AbstractRemoteTestNG.run()V+149
j  org.testng.remote.RemoteTestNG.initAndRun(Lorg/testng/remote/IRemoteTestNG;[Ljava/lang/String;Lorg/testng/CommandLineArgs;Lorg/testng/remote/RemoteArgs;)V+184
j  org.testng.remote.RemoteTestNG.main([Ljava/lang/String;)V+201
v  ~StubRoutines::call_stub

---------------  P R O C E S S  ---------------

Java Threads: ( => current thread )
  0x00000200e3d95000 JavaThread "UrlChecker-2" daemon [_thread_in_native, id=22288, stack(0x0000004b96a00000,0x0000004b96b00000)]
  0x00000200e3841000 JavaThread "ReaderThread" [_thread_in_native, id=18288, stack(0x0000004b96800000,0x0000004b96900000)]
  0x00000200e2756000 JavaThread "Service Thread" daemon [_thread_blocked, id=9660, stack(0x0000004b96500000,0x0000004b96600000)]
  0x00000200e26c4800 JavaThread "C1 CompilerThread2" daemon [_thread_blocked, id=18360, stack(0x0000004b96400000,0x0000004b96500000)]
  0x00000200e26c0800 JavaThread "C2 CompilerThread1" daemon [_thread_blocked, id=14728, stack(0x0000004b96300000,0x0000004b96400000)]
  0x00000200e26b4000 JavaThread "C2 CompilerThread0" daemon [_thread_blocked, id=19136, stack(0x0000004b96200000,0x0000004b96300000)]
  0x00000200e26b2000 JavaThread "Attach Listener" daemon [_thread_blocked, id=21588, stack(0x0000004b96100000,0x0000004b96200000)]
  0x00000200e26b1000 JavaThread "Signal Dispatcher" daemon [_thread_blocked, id=20784, stack(0x0000004b96000000,0x0000004b96100000)]
  0x00000200e1f6d800 JavaThread "Finalizer" daemon [_thread_blocked, id=10836, stack(0x0000004b95f00000,0x0000004b96000000)]
  0x00000200e1f65000 JavaThread "Reference Handler" daemon [_thread_blocked, id=10556, stack(0x0000004b95e00000,0x0000004b95f00000)]
=>0x00000200cbf78800 JavaThread "Forwarding newSession on session null to remote" [_thread_in_native, id=20724, stack(0x0000004b95800000,0x0000004b95900000)]

Other Threads:
  0x00000200e2672800 VMThread [stack: 0x0000004b95d00000,0x0000004b95e00000] [id=20320]
  0x00000200e2758000 WatcherThread [stack: 0x0000004b96600000,0x0000004b96700000] [id=16680]

VM state:not at safepoint (normal execution)

VM Mutex/Monitor currently owned by a thread: None

heap address: 0x0000000081400000, size: 2028 MB, Compressed Oops mode: 32-bit
Narrow klass base: 0x0000000000000000, Narrow klass shift: 3
Compressed class space size: 1073741824 Address: 0x0000000100000000

Heap:
 PSYoungGen      total 38400K, used 19982K [0x00000000d5c00000, 0x00000000d8680000, 0x0000000100000000)
  eden space 33280K, 44% used [0x00000000d5c00000,0x00000000d6a89b78,0x00000000d7c80000)
  from space 5120K, 99% used [0x00000000d7c80000,0x00000000d8179f78,0x00000000d8180000)
  to   space 5120K, 0% used [0x00000000d8180000,0x00000000d8180000,0x00000000d8680000)
 ParOldGen       total 87552K, used 1411K [0x0000000081400000, 0x0000000086980000, 0x00000000d5c00000)
  object space 87552K, 1% used [0x0000000081400000,0x0000000081560c30,0x0000000086980000)
 Metaspace       used 14176K, capacity 14554K, committed 14720K, reserved 1062912K
  class space    used 1712K, capacity 1855K, committed 1920K, reserved 1048576K

Card table byte_map: [0x00000200dcc30000,0x00000200dd030000] byte_map_base: 0x00000200dc826000

Marking Bits: (ParMarkBitMap*) 0x000000005a787fe0
 Begin Bits: [0x00000200dd2e0000, 0x00000200df290000)
 End Bits:   [0x00000200df290000, 0x00000200e1240000)

Polling page: 0x00000200cd840000

CodeCache: size=245760Kb used=4957Kb max_used=4957Kb free=240802Kb
 bounds [0x00000200cd870000, 0x00000200cdd50000, 0x00000200dc870000]
 total_blobs=1850 nmethods=1466 adapters=296
 compilation: enabled

Compilation events (10 events):
Event: 23.633 Thread 0x00000200e26c4800 1462       3       java.util.regex.Pattern$GroupHead::match (47 bytes)
Event: 23.634 Thread 0x00000200e26c4800 nmethod 1462 0x00000200cdd41cd0 code [0x00000200cdd41e40, 0x00000200cdd420f0]
Event: 23.634 Thread 0x00000200e26c4800 1464       3       java.util.regex.Matcher::reset (83 bytes)
Event: 23.634 Thread 0x00000200e26c4800 nmethod 1464 0x00000200cdd414d0 code [0x00000200cdd41660, 0x00000200cdd41b10]
Event: 23.635 Thread 0x00000200e26c4800 1463       3       java.util.regex.Matcher::group (112 bytes)
Event: 23.636 Thread 0x00000200e26c4800 nmethod 1463 0x00000200cdd48b10 code [0x00000200cdd48d40, 0x00000200cdd49ab0]
Event: 23.637 Thread 0x00000200e26c4800 1465       3       java.util.regex.Matcher::getTextLength (10 bytes)
Event: 23.637 Thread 0x00000200e26c4800 nmethod 1465 0x00000200cdd41090 code [0x00000200cdd41200, 0x00000200cdd41430]
Event: 23.668 Thread 0x00000200e26c4800 1466       3       java.util.StringTokenizer::skipDelimiters (116 bytes)
Event: 23.669 Thread 0x00000200e26c4800 nmethod 1466 0x00000200cdd4a050 code [0x00000200cdd4a260, 0x00000200cdd4ae20]

GC Heap History (2 events):
Event: 3.084 GC heap before
{Heap before GC invocations=1 (full 0):
 PSYoungGen      total 38400K, used 33280K [0x00000000d5c00000, 0x00000000d8680000, 0x0000000100000000)
  eden space 33280K, 100% used [0x00000000d5c00000,0x00000000d7c80000,0x00000000d7c80000)
  from space 5120K, 0% used [0x00000000d8180000,0x00000000d8180000,0x00000000d8680000)
  to   space 5120K, 0% used [0x00000000d7c80000,0x00000000d7c80000,0x00000000d8180000)
 ParOldGen       total 87552K, used 0K [0x0000000081400000, 0x0000000086980000, 0x00000000d5c00000)
  object space 87552K, 0% used [0x0000000081400000,0x0000000081400000,0x0000000086980000)
 Metaspace       used 12709K, capacity 13070K, committed 13184K, reserved 1060864K
  class space    used 1530K, capacity 1619K, committed 1664K, reserved 1048576K
Event: 3.092 GC heap after
Heap after GC invocations=1 (full 0):
 PSYoungGen      total 38400K, used 5095K [0x00000000d5c00000, 0x00000000d8680000, 0x0000000100000000)
  eden space 33280K, 0% used [0x00000000d5c00000,0x00000000d5c00000,0x00000000d7c80000)
  from space 5120K, 99% used [0x00000000d7c80000,0x00000000d8179f78,0x00000000d8180000)
  to   space 5120K, 0% used [0x00000000d8180000,0x00000000d8180000,0x00000000d8680000)
 ParOldGen       total 87552K, used 1411K [0x0000000081400000, 0x0000000086980000, 0x00000000d5c00000)
  object space 87552K, 1% used [0x0000000081400000,0x0000000081560c30,0x0000000086980000)
 Metaspace       used 12709K, capacity 13070K, committed 13184K, reserved 1060864K
  class space    used 1530K, capacity 1619K, committed 1664K, reserved 1048576K
}

Deoptimization events (10 events):
Event: 0.426 Thread 0x00000200cbf78800 Uncommon trap: reason=unstable_if action=reinterpret pc=0x00000200cda7beb4 method=sun.misc.MetaIndex.mayContain(Ljava/lang/String;)Z @ 38
Event: 0.450 Thread 0x00000200cbf78800 Uncommon trap: reason=unstable_if action=reinterpret pc=0x00000200cda258ac method=java.lang.String.indexOf([CII[CIII)I @ 3
Event: 2.537 Thread 0x00000200cbf78800 Uncommon trap: reason=range_check action=make_not_entrant pc=0x00000200cdb39360 method=sun.reflect.generics.parser.SignatureParser.current()C @ 34
Event: 3.093 Thread 0x00000200cbf78800 Uncommon trap: reason=unstable_if action=reinterpret pc=0x00000200cdc590ac method=java.io.ByteArrayInputStream.read([BII)I @ 63
Event: 3.135 Thread 0x00000200cbf78800 Uncommon trap: reason=unstable_if action=reinterpret pc=0x00000200cdc350d0 method=java.io.ByteArrayInputStream.read()I @ 8
Event: 3.455 Thread 0x00000200cbf78800 Uncommon trap: reason=unstable_if action=reinterpret pc=0x00000200cdc94994 method=java.math.BigInteger.addOne([IIII)I @ 55
Event: 3.576 Thread 0x00000200cbf78800 Uncommon trap: reason=unstable_if action=reinterpret pc=0x00000200cdd05b80 method=java.util.regex.Matcher.reset()Ljava/util/regex/Matcher; @ 47
Event: 3.587 Thread 0x00000200cbf78800 Uncommon trap: reason=unstable_if action=reinterpret pc=0x00000200cda309dc method=java.lang.String.replace(CC)Ljava/lang/String; @ 2
Event: 3.601 Thread 0x00000200e3d95000 Uncommon trap: reason=unstable_if action=reinterpret pc=0x00000200cdbe56dc method=java.lang.CharacterDataLatin1.digit(II)I @ 82
Event: 4.110 Thread 0x00000200e3d95000 Uncommon trap: reason=unstable_if action=reinterpret pc=0x00000200cdbe5ed4 method=java.lang.CharacterDataLatin1.digit(II)I @ 82

Classes redefined (0 events):
No events

Internal exceptions (10 events):
Event: 15.385 Thread 0x00000200e3d95000 Exception <a 'java/net/SocketTimeoutException': connect timed out> (0x00000000d6a00ca0) thrown at [C:\jenkins\workspace\8-2-build-windows-amd64-cygwin\jdk8u271\605\hotspot\src\share\vm\prims\jni.cpp, line 737]
Event: 16.220 Thread 0x00000200e3d95000 Exception <a 'java/net/SocketTimeoutException': connect timed out> (0x00000000d6a02180) thrown at [C:\jenkins\workspace\8-2-build-windows-amd64-cygwin\jdk8u271\605\hotspot\src\share\vm\prims\jni.cpp, line 737]
Event: 17.064 Thread 0x00000200e3d95000 Exception <a 'java/net/SocketTimeoutException': connect timed out> (0x00000000d6a03660) thrown at [C:\jenkins\workspace\8-2-build-windows-amd64-cygwin\jdk8u271\605\hotspot\src\share\vm\prims\jni.cpp, line 737]
Event: 17.908 Thread 0x00000200e3d95000 Exception <a 'java/net/SocketTimeoutException': connect timed out> (0x00000000d6a04b40) thrown at [C:\jenkins\workspace\8-2-build-windows-amd64-cygwin\jdk8u271\605\hotspot\src\share\vm\prims\jni.cpp, line 737]
Event: 18.752 Thread 0x00000200e3d95000 Exception <a 'java/net/SocketTimeoutException': connect timed out> (0x00000000d6a06020) thrown at [C:\jenkins\workspace\8-2-build-windows-amd64-cygwin\jdk8u271\605\hotspot\src\share\vm\prims\jni.cpp, line 737]
Event: 19.579 Thread 0x00000200e3d95000 Exception <a 'java/net/SocketTimeoutException': connect timed out> (0x00000000d6a07500) thrown at [C:\jenkins\workspace\8-2-build-windows-amd64-cygwin\jdk8u271\605\hotspot\src\share\vm\prims\jni.cpp, line 737]
Event: 20.423 Thread 0x00000200e3d95000 Exception <a 'java/net/SocketTimeoutException': connect timed out> (0x00000000d6a089e0) thrown at [C:\jenkins\workspace\8-2-build-windows-amd64-cygwin\jdk8u271\605\hotspot\src\share\vm\prims\jni.cpp, line 737]
Event: 21.266 Thread 0x00000200e3d95000 Exception <a 'java/net/SocketTimeoutException': connect timed out> (0x00000000d6a09f50) thrown at [C:\jenkins\workspace\8-2-build-windows-amd64-cygwin\jdk8u271\605\hotspot\src\share\vm\prims\jni.cpp, line 737]
Event: 22.110 Thread 0x00000200e3d95000 Exception <a 'java/net/SocketTimeoutException': connect timed out> (0x00000000d6a0b430) thrown at [C:\jenkins\workspace\8-2-build-windows-amd64-cygwin\jdk8u271\605\hotspot\src\share\vm\prims\jni.cpp, line 737]
Event: 22.953 Thread 0x00000200e3d95000 Exception <a 'java/net/SocketTimeoutException': connect timed out> (0x00000000d6a0c910) thrown at [C:\jenkins\workspace\8-2-build-windows-amd64-cygwin\jdk8u271\605\hotspot\src\share\vm\prims\jni.cpp, line 737]

Events (10 events):
Event: 23.667 loading class sun/util/locale/provider/AvailableLanguageTags
Event: 23.667 loading class sun/util/locale/provider/AvailableLanguageTags done
Event: 23.667 loading class sun/util/locale/provider/CalendarProviderImpl done
Event: 23.667 loading class sun/util/locale/provider/LocaleDataMetaInfo
Event: 23.667 loading class sun/util/locale/provider/LocaleDataMetaInfo done
Event: 23.668 loading class sun/util/locale/provider/JRELocaleProviderAdapter$1
Event: 23.668 loading class sun/util/locale/provider/JRELocaleProviderAdapter$1 done
Event: 23.668 loading class java/util/Calendar$Builder
Event: 23.668 loading class java/util/Calendar$Builder done
Event: 23.669 loading class sun/util/locale/provider/CalendarDataUtility


Dynamic libraries:
0x00007ff6dd060000 - 0x00007ff6dd0a7000 	C:\Program Files\Java\jre1.8.0_271\bin\javaw.exe
0x00007ff84ae50000 - 0x00007ff84b045000 	C:\WINDOWS\SYSTEM32\ntdll.dll
0x00007ff84ad50000 - 0x00007ff84ae0d000 	C:\WINDOWS\System32\KERNEL32.DLL
0x00007ff848970000 - 0x00007ff848c39000 	C:\WINDOWS\System32\KERNELBASE.dll
0x00007ff84a100000 - 0x00007ff84a1ac000 	C:\WINDOWS\System32\ADVAPI32.dll
0x00007ff848fb0000 - 0x00007ff84904e000 	C:\WINDOWS\System32\msvcrt.dll
0x00007ff8499d0000 - 0x00007ff849a6c000 	C:\WINDOWS\System32\sechost.dll
0x00007ff849230000 - 0x00007ff84935b000 	C:\WINDOWS\System32\RPCRT4.dll
0x00007ff849830000 - 0x00007ff8499d0000 	C:\WINDOWS\System32\USER32.dll
0x00007ff848cd0000 - 0x00007ff848cf2000 	C:\WINDOWS\System32\win32u.dll
0x00007ff849b40000 - 0x00007ff849b6a000 	C:\WINDOWS\System32\GDI32.dll
0x00007ff8486b0000 - 0x00007ff8487bb000 	C:\WINDOWS\System32\gdi32full.dll
0x00007ff848590000 - 0x00007ff84862d000 	C:\WINDOWS\System32\msvcp_win.dll
0x00007ff848db0000 - 0x00007ff848eb0000 	C:\WINDOWS\System32\ucrtbase.dll
0x00007ff82e3f0000 - 0x00007ff82e68a000 	C:\WINDOWS\WinSxS\amd64_microsoft.windows.common-controls_6595b64144ccf1df_6.0.19041.844_none_ca00b6081b84eb1d\COMCTL32.dll
0x00007ff84a050000 - 0x00007ff84a080000 	C:\WINDOWS\System32\IMM32.DLL
0x00007ff832460000 - 0x00007ff832475000 	C:\Program Files\Java\jre1.8.0_271\bin\vcruntime140.dll
0x00007ff81ea80000 - 0x00007ff81eb1b000 	C:\Program Files\Java\jre1.8.0_271\bin\msvcp140.dll
0x0000000059f90000 - 0x000000005a7ff000 	C:\Program Files\Java\jre1.8.0_271\bin\server\jvm.dll
0x00007ff848f30000 - 0x00007ff848f38000 	C:\WINDOWS\System32\PSAPI.DLL
0x00007ff841370000 - 0x00007ff84137a000 	C:\WINDOWS\SYSTEM32\VERSION.dll
0x00007ff832e20000 - 0x00007ff832e29000 	C:\WINDOWS\SYSTEM32\WSOCK32.dll
0x00007ff82a5f0000 - 0x00007ff82a617000 	C:\WINDOWS\SYSTEM32\WINMM.dll
0x00007ff849ad0000 - 0x00007ff849b3b000 	C:\WINDOWS\System32\WS2_32.dll
0x00007ff847180000 - 0x00007ff847192000 	C:\WINDOWS\SYSTEM32\kernel.appcore.dll
0x00007ff83e600000 - 0x00007ff83e610000 	C:\Program Files\Java\jre1.8.0_271\bin\verify.dll
0x00007ff832500000 - 0x00007ff83252b000 	C:\Program Files\Java\jre1.8.0_271\bin\java.dll
0x00007ff838170000 - 0x00007ff838188000 	C:\Program Files\Java\jre1.8.0_271\bin\zip.dll
0x00007ff84a450000 - 0x00007ff84ab92000 	C:\WINDOWS\System32\SHELL32.dll
0x00007ff8462c0000 - 0x00007ff846a50000 	C:\WINDOWS\SYSTEM32\windows.storage.dll
0x00007ff849cf0000 - 0x00007ff84a045000 	C:\WINDOWS\System32\combase.dll
0x00007ff847f90000 - 0x00007ff847fbc000 	C:\WINDOWS\SYSTEM32\Wldp.dll
0x00007ff849050000 - 0x00007ff8490fe000 	C:\WINDOWS\System32\SHCORE.dll
0x00007ff849a70000 - 0x00007ff849ac5000 	C:\WINDOWS\System32\shlwapi.dll
0x00007ff8484d0000 - 0x00007ff8484ef000 	C:\WINDOWS\SYSTEM32\profapi.dll
0x00007ff830610000 - 0x00007ff83062c000 	C:\Program Files\Java\jre1.8.0_271\bin\net.dll
0x00007ff847cb0000 - 0x00007ff847d1a000 	C:\WINDOWS\system32\mswsock.dll
0x00007ff8479e0000 - 0x00007ff847aab000 	C:\WINDOWS\SYSTEM32\DNSAPI.dll
0x00007ff8479a0000 - 0x00007ff8479db000 	C:\WINDOWS\SYSTEM32\IPHLPAPI.DLL
0x00007ff848f40000 - 0x00007ff848f48000 	C:\WINDOWS\System32\NSI.dll
0x00007ff83f1b0000 - 0x00007ff83f1ba000 	C:\Windows\System32\rasadhlp.dll
0x00007ff839780000 - 0x00007ff8397ff000 	C:\WINDOWS\System32\fwpuclnt.dll
0x00007ff848ca0000 - 0x00007ff848cc7000 	C:\WINDOWS\System32\bcrypt.dll
0x00007ff847e90000 - 0x00007ff847ea8000 	C:\WINDOWS\SYSTEM32\CRYPTSP.dll
0x00007ff847650000 - 0x00007ff847684000 	C:\WINDOWS\system32\rsaenh.dll
0x00007ff848450000 - 0x00007ff84847e000 	C:\WINDOWS\SYSTEM32\USERENV.dll
0x00007ff848630000 - 0x00007ff8486b0000 	C:\WINDOWS\System32\bcryptprimitives.dll
0x00007ff847e80000 - 0x00007ff847e8c000 	C:\WINDOWS\SYSTEM32\CRYPTBASE.dll
0x00007ff8462a0000 - 0x00007ff8462b7000 	C:\WINDOWS\SYSTEM32\dhcpcsvc6.DLL
0x00007ff846280000 - 0x00007ff84629d000 	C:\WINDOWS\SYSTEM32\dhcpcsvc.DLL
0x00007ff82b680000 - 0x00007ff82b693000 	C:\Program Files\Java\jre1.8.0_271\bin\nio.dll
0x00007ff8286b0000 - 0x00007ff8286d4000 	C:\Program Files\Java\jre1.8.0_271\bin\sunec.dll
0x00007ff837fc0000 - 0x00007ff837fcd000 	C:\Program Files\Java\jre1.8.0_271\bin\sunmscapi.dll
0x00007ff8487c0000 - 0x00007ff84891f000 	C:\WINDOWS\System32\CRYPT32.dll
0x00007ff848000000 - 0x00007ff848027000 	C:\WINDOWS\SYSTEM32\ncrypt.dll
0x00007ff847fc0000 - 0x00007ff847ffb000 	C:\WINDOWS\SYSTEM32\NTASN1.dll

VM Arguments:
jvm_args: -ea -Dfile.encoding=Cp1252 
java_command: org.testng.remote.RemoteTestNG -serport 54690 -protocol json -d C:\Users\HP\eclipse-workspace\FRAMEWORK\test-output C:\Users\HP\AppData\Local\Temp\testng-eclipse--678491100\testng-customsuite.xml
java_class_path (initial): D:\Eclipse photon Java IDE\eclipse\configuration\org.eclipse.osgi\543\0\.cp\lib\testng-remote.jar;C:\Program Files\Java\jre1.8.0_271\lib\resources.jar;C:\Program Files\Java\jre1.8.0_271\lib\rt.jar;C:\Program Files\Java\jre1.8.0_271\lib\jsse.jar;C:\Program Files\Java\jre1.8.0_271\lib\jce.jar;C:\Program Files\Java\jre1.8.0_271\lib\charsets.jar;C:\Program Files\Java\jre1.8.0_271\lib\jfr.jar;C:\Program Files\Java\jre1.8.0_271\lib\ext\access-bridge-64.jar;C:\Program Files\Java\jre1.8.0_271\lib\ext\cldrdata.jar;C:\Program Files\Java\jre1.8.0_271\lib\ext\dnsns.jar;C:\Program Files\Java\jre1.8.0_271\lib\ext\jaccess.jar;C:\Program Files\Java\jre1.8.0_271\lib\ext\jfxrt.jar;C:\Program Files\Java\jre1.8.0_271\lib\ext\localedata.jar;C:\Program Files\Java\jre1.8.0_271\lib\ext\nashorn.jar;C:\Program Files\Java\jre1.8.0_271\lib\ext\sunec.jar;C:\Program Files\Java\jre1.8.0_271\lib\ext\sunjce_provider.jar;C:\Program Files\Java\jre1.8.0_271\lib\ext\sunmscapi.jar;C:\Program Files\Java\jre1.8.0_271\lib\ext\sunpkcs11.jar;C:\Program Files\Java\jre1.8.0_271\lib\ext\zipfs.jar;C:\Users\HP\eclipse-workspace\FRAMEWORK\bin;C:\Users\HP\Downloads\selenium-server-standalone-3.141.59.jar;C:\Users\HP\Downloads\poi-bin-5.0.0-20210120\poi-5.0.0\batik-all-1.13.jar;C:\Users\HP\Downloads\poi-bin-5.0.0-20210120\poi-5.0.0\bcpkix-jdk15on-1.68.jar;C:\Users\HP\Downloads\poi-bin-5.0.0-20210120\poi-5.0.0\bcprov-jdk15on-1.68.jar;C:\Users\HP\Downloads\poi-bin-5.0.0-20210120\poi-5.0.0\commons-codec-1.15.jar;C:\Users\HP\Downloads\poi-bin-5.0.0-20210120\poi-5.0.0\commons-collections4-4.4.jar;C:\Users\HP\Downloads\poi-bin-5.0.0-20210120\poi-5.0.0\commons-compress-1.20.jar;C:\Users\HP\Downloads\poi-bin-5.0.0-20210120\poi-5.0.0\commons-math3-3.6.1.jar;C:\Users\HP\Downloads\poi-bin-5.0.0-20210120\poi-5.0.0\curvesapi-1.06.jar;C:\Users\HP\Downloads\poi-bin-5.0.0-20210120\poi-5.0.0\fontbox-2.0.22.jar;C:\Users\HP\Downloads\poi-bin-5.0.0-20210120\poi-5.0.0\graphics2d-0.30.jar;C:\Users\HP\Download
Launcher Type: SUN_STANDARD

Environment Variables:
PATH=C:/Program Files/Java/jre1.8.0_271/bin/server;C:/Program Files/Java/jre1.8.0_271/bin;C:/Program Files/Java/jre1.8.0_271/lib/amd64;C:\Program Files (x86)\Common Files\Oracle\Java\javapath;C:\WINDOWS\system32;C:\WINDOWS;C:\WINDOWS\System32\Wbem;C:\WINDOWS\System32\WindowsPowerShell\v1.0\;C:\Program Files (x86)\Windows Kits\8.1\Windows Performance Toolkit\;C:\Program Files\Git\cmd;C:\Program Files\Git\mingw64\bin;C:\Program Files\Git\usr\bin;C:\Program Files\Microsoft SQL Server\Client SDK\ODBC\110\Tools\Binn\;C:\WINDOWS\System32\OpenSSH\;C:\Program Files\Azure Data Studio\bin;C:\Program Files\Java\jre1.8.0_271\bin;C:\Users\HP\AppData\Local\Microsoft\WindowsApps;C:\Users\HP\AppData\Local\Programs\Microsoft VS Code\bin;C:\Program Files\JetBrains\PyCharm Community Edition 2020.2.3\bin;;;C:\Program Files\Azure Data Studio\bin;D:\Eclipse photon Java IDE\eclipse;
USERNAME=HP
OS=Windows_NT
PROCESSOR_IDENTIFIER=Intel64 Family 6 Model 142 Stepping 9, GenuineIntel



---------------  S Y S T E M  ---------------

OS: Windows 10.0 , 64 bit Build 19041 (10.0.19041.804)

CPU:total 4 (initial active 4) (2 cores per cpu, 2 threads per core) family 6 model 142 stepping 9, cmov, cx8, fxsr, mmx, sse, sse2, sse3, ssse3, sse4.1, sse4.2, popcnt, avx, avx2, aes, clmul, erms, 3dnowpref, lzcnt, ht, tsc, tscinvbit, bmi1, bmi2, adx

Memory: 4k page, physical 8303528k(2686628k free), swap 10258344k(52k free)

vm_info: Java HotSpot(TM) 64-Bit Server VM (25.271-b09) for windows-amd64 JRE (1.8.0_271-b09), built on Sep 16 2020 19:14:59 by "" with MS VC++ 15.9 (VS2017)

time: Tue Apr  6 19:40:10 2021
timezone: India Standard Time
elapsed time: 23.727140 seconds (0d 0h 0m 23s)

