#
# There is insufficient memory for the Java Runtime Environment to continue.
# Native memory allocation (malloc) failed to allocate 1048576 bytes for AllocateHeap
# Possible reasons:
#   The system is out of physical RAM or swap space
#   The process is running with CompressedOops enabled, and the Java Heap may be blocking the growth of the native heap
# Possible solutions:
#   Reduce memory load on the system
#   Increase physical memory or swap space
#   Check if swap backing store is full
#   Decrease Java heap size (-Xmx/-Xms)
#   Decrease number of Java threads
#   Decrease Java thread stack sizes (-Xss)
#   Set larger code cache with -XX:ReservedCodeCacheSize=
#   JVM is running with Unscaled Compressed Oops mode in which the Java heap is
#     placed in the first 4GB address space. The Java Heap base address is the
#     maximum limit for the native heap growth. Please use -XX:HeapBaseMinAddress
#     to set the Java Heap base and to place the Java Heap above 4GB virtual address.
# This output file may be truncated or incomplete.
#
#  Out of Memory Error (memory/allocation.inline.hpp:61), pid=27964, tid=0x00000000000055cc
#
# JRE version:  (8.0_271-b09) (build )
# Java VM: Java HotSpot(TM) 64-Bit Server VM (25.271-b09 mixed mode windows-amd64 compressed oops)
# Failed to write core dump. Minidumps are not enabled by default on client versions of Windows
#

---------------  T H R E A D  ---------------

Current thread (0x0000029e9b6a8800):  JavaThread "Unknown thread" [_thread_in_vm, id=21964, stack(0x000000d1a3300000,0x000000d1a3400000)]

Stack: [0x000000d1a3300000,0x000000d1a3400000]
Native frames: (J=compiled Java code, j=interpreted, Vv=VM code, C=native code)
V  [jvm.dll+0x33f6c9]
V  [jvm.dll+0x286122]
V  [jvm.dll+0x286dcd]
V  [jvm.dll+0x27d805]
V  [jvm.dll+0x1565d]
V  [jvm.dll+0x3e35e7]
V  [jvm.dll+0x3e3fd8]
V  [jvm.dll+0x10cfff]
V  [jvm.dll+0x21ab2b]
V  [jvm.dll+0x2494e7]
V  [jvm.dll+0x172a76]
C  [javaw.exe+0x2322]
C  [javaw.exe+0x16544]
C  [KERNEL32.DLL+0x17034]
C  [ntdll.dll+0x52651]


---------------  P R O C E S S  ---------------

Java Threads: ( => current thread )

Other Threads:

=>0x0000029e9b6a8800 (exited) JavaThread "Unknown thread" [_thread_in_vm, id=21964, stack(0x000000d1a3300000,0x000000d1a3400000)]

VM state:not at safepoint (normal execution)

VM Mutex/Monitor currently owned by a thread: None

heap address: 0x0000000081400000, size: 2028 MB, Compressed Oops mode: 32-bit
Narrow klass base: 0x0000000000000000, Narrow klass shift: 3
Compressed class space size: 1073741824 Address: 0x0000000100000000

Heap:
 PSYoungGen      total 38400K, used 665K [0x00000000d5c00000, 0x00000000d8680000, 0x0000000100000000)
  eden space 33280K, 2% used [0x00000000d5c00000,0x00000000d5ca6670,0x00000000d7c80000)
  from space 5120K, 0% used [0x00000000d8180000,0x00000000d8180000,0x00000000d8680000)
  to   space 5120K, 0% used [0x00000000d7c80000,0x00000000d7c80000,0x00000000d8180000)
 ParOldGen       total 87552K, used 0K [0x0000000081400000, 0x0000000086980000, 0x00000000d5c00000)
  object space 87552K, 0% used [0x0000000081400000,0x0000000081400000,0x0000000086980000)
 Metaspace       used 752K, capacity 4480K, committed 4480K, reserved 1056768K
  class space    used 76K, capacity 384K, committed 384K, reserved 1048576K

Card table byte_map: [0x0000029eac340000,0x0000029eac740000] byte_map_base: 0x0000029eabf36000

Marking Bits: (ParMarkBitMap*) 0x000000005a787fe0
 Begin Bits: [0x0000029eac9f0000, 0x0000029eae9a0000)
 End Bits:   [0x0000029eae9a0000, 0x0000029eb0950000)

Polling page: 0x0000029e9b620000

CodeCache: size=245760Kb used=328Kb max_used=328Kb free=245431Kb
 bounds [0x0000029e9cf80000, 0x0000029e9d1f0000, 0x0000029eabf80000]
 total_blobs=58 nmethods=0 adapters=38
 compilation: enabled

Compilation events (0 events):
No events

GC Heap History (0 events):
No events

Deoptimization events (0 events):
No events

Classes redefined (0 events):
No events

Internal exceptions (0 events):
No events

Events (10 events):
Event: 0.224 loading class java/lang/Short
Event: 0.224 loading class java/lang/Short done
Event: 0.224 loading class java/lang/Integer
Event: 0.224 loading class java/lang/Integer done
Event: 0.224 loading class java/lang/Long
Event: 0.224 loading class java/lang/Long done
Event: 0.227 loading class java/lang/NullPointerException
Event: 0.227 loading class java/lang/NullPointerException done
Event: 0.227 loading class java/lang/ArithmeticException
Event: 0.227 loading class java/lang/ArithmeticException done


Dynamic libraries:
0x00007ff753dd0000 - 0x00007ff753e17000 	C:\Program Files\Java\jre1.8.0_271\bin\javaw.exe
0x00007ff84ae50000 - 0x00007ff84b045000 	C:\WINDOWS\SYSTEM32\ntdll.dll
0x00007ff84ad50000 - 0x00007ff84ae0d000 	C:\WINDOWS\System32\KERNEL32.DLL
0x00007ff848970000 - 0x00007ff848c39000 	C:\WINDOWS\System32\KERNELBASE.dll
0x00007ff84a100000 - 0x00007ff84a1ac000 	C:\WINDOWS\System32\ADVAPI32.dll
0x00007ff848fb0000 - 0x00007ff84904e000 	C:\WINDOWS\System32\msvcrt.dll
0x00007ff8499d0000 - 0x00007ff849a6c000 	C:\WINDOWS\System32\sechost.dll
0x00007ff849230000 - 0x00007ff84935b000 	C:\WINDOWS\System32\RPCRT4.dll
0x00007ff849830000 - 0x00007ff8499d0000 	C:\WINDOWS\System32\USER32.dll
0x00007ff848cd0000 - 0x00007ff848cf2000 	C:\WINDOWS\System32\win32u.dll
0x00007ff849b40000 - 0x00007ff849b6a000 	C:\WINDOWS\System32\GDI32.dll
0x00007ff8486b0000 - 0x00007ff8487bb000 	C:\WINDOWS\System32\gdi32full.dll
0x00007ff848590000 - 0x00007ff84862d000 	C:\WINDOWS\System32\msvcp_win.dll
0x00007ff848db0000 - 0x00007ff848eb0000 	C:\WINDOWS\System32\ucrtbase.dll
0x00007ff82e3f0000 - 0x00007ff82e68a000 	C:\WINDOWS\WinSxS\amd64_microsoft.windows.common-controls_6595b64144ccf1df_6.0.19041.844_none_ca00b6081b84eb1d\COMCTL32.dll
0x00007ff84a050000 - 0x00007ff84a080000 	C:\WINDOWS\System32\IMM32.DLL
0x00007ff8325f0000 - 0x00007ff832605000 	C:\Program Files\Java\jre1.8.0_271\bin\vcruntime140.dll
0x00007ff8261e0000 - 0x00007ff82627b000 	C:\Program Files\Java\jre1.8.0_271\bin\msvcp140.dll
0x0000000059f90000 - 0x000000005a7ff000 	C:\Program Files\Java\jre1.8.0_271\bin\server\jvm.dll
0x00007ff848f30000 - 0x00007ff848f38000 	C:\WINDOWS\System32\PSAPI.DLL
0x00007ff841370000 - 0x00007ff84137a000 	C:\WINDOWS\SYSTEM32\VERSION.dll
0x00007ff82a5f0000 - 0x00007ff82a617000 	C:\WINDOWS\SYSTEM32\WINMM.dll
0x00007ff832e20000 - 0x00007ff832e29000 	C:\WINDOWS\SYSTEM32\WSOCK32.dll
0x00007ff849ad0000 - 0x00007ff849b3b000 	C:\WINDOWS\System32\WS2_32.dll
0x00007ff847180000 - 0x00007ff847192000 	C:\WINDOWS\SYSTEM32\kernel.appcore.dll
0x00007ff83e610000 - 0x00007ff83e620000 	C:\Program Files\Java\jre1.8.0_271\bin\verify.dll
0x00007ff838200000 - 0x00007ff83822b000 	C:\Program Files\Java\jre1.8.0_271\bin\java.dll
0x00007ff832560000 - 0x00007ff832578000 	C:\Program Files\Java\jre1.8.0_271\bin\zip.dll
0x00007ff846db0000 - 0x00007ff846f94000 	C:\WINDOWS\SYSTEM32\dbghelp.dll
0x00007ff848630000 - 0x00007ff8486b0000 	C:\WINDOWS\System32\bcryptPrimitives.dll

VM Arguments:
jvm_args: -ea -Dfile.encoding=Cp1252 
java_command: org.testng.remote.RemoteTestNG -serport 54519 -protocol json -d C:\Users\HP\eclipse-workspace\FRAMEWORK\test-output C:\Users\HP\AppData\Local\Temp\testng-eclipse-1405039065\testng-customsuite.xml
java_class_path (initial): D:\Eclipse photon Java IDE\eclipse\configuration\org.eclipse.osgi\543\0\.cp\lib\testng-remote.jar;C:\Program Files\Java\jre1.8.0_271\lib\resources.jar;C:\Program Files\Java\jre1.8.0_271\lib\rt.jar;C:\Program Files\Java\jre1.8.0_271\lib\jsse.jar;C:\Program Files\Java\jre1.8.0_271\lib\jce.jar;C:\Program Files\Java\jre1.8.0_271\lib\charsets.jar;C:\Program Files\Java\jre1.8.0_271\lib\jfr.jar;C:\Program Files\Java\jre1.8.0_271\lib\ext\access-bridge-64.jar;C:\Program Files\Java\jre1.8.0_271\lib\ext\cldrdata.jar;C:\Program Files\Java\jre1.8.0_271\lib\ext\dnsns.jar;C:\Program Files\Java\jre1.8.0_271\lib\ext\jaccess.jar;C:\Program Files\Java\jre1.8.0_271\lib\ext\jfxrt.jar;C:\Program Files\Java\jre1.8.0_271\lib\ext\localedata.jar;C:\Program Files\Java\jre1.8.0_271\lib\ext\nashorn.jar;C:\Program Files\Java\jre1.8.0_271\lib\ext\sunec.jar;C:\Program Files\Java\jre1.8.0_271\lib\ext\sunjce_provider.jar;C:\Program Files\Java\jre1.8.0_271\lib\ext\sunmscapi.jar;C:\Program Files\Java\jre1.8.0_271\lib\ext\sunpkcs11.jar;C:\Program Files\Java\jre1.8.0_271\lib\ext\zipfs.jar;C:\Users\HP\eclipse-workspace\FRAMEWORK\bin;C:\Users\HP\Downloads\selenium-server-standalone-3.141.59.jar;C:\Users\HP\Downloads\poi-bin-5.0.0-20210120\poi-5.0.0\batik-all-1.13.jar;C:\Users\HP\Downloads\poi-bin-5.0.0-20210120\poi-5.0.0\bcpkix-jdk15on-1.68.jar;C:\Users\HP\Downloads\poi-bin-5.0.0-20210120\poi-5.0.0\bcprov-jdk15on-1.68.jar;C:\Users\HP\Downloads\poi-bin-5.0.0-20210120\poi-5.0.0\commons-codec-1.15.jar;C:\Users\HP\Downloads\poi-bin-5.0.0-20210120\poi-5.0.0\commons-collections4-4.4.jar;C:\Users\HP\Downloads\poi-bin-5.0.0-20210120\poi-5.0.0\commons-compress-1.20.jar;C:\Users\HP\Downloads\poi-bin-5.0.0-20210120\poi-5.0.0\commons-math3-3.6.1.jar;C:\Users\HP\Downloads\poi-bin-5.0.0-20210120\poi-5.0.0\curvesapi-1.06.jar;C:\Users\HP\Downloads\poi-bin-5.0.0-20210120\poi-5.0.0\fontbox-2.0.22.jar;C:\Users\HP\Downloads\poi-bin-5.0.0-20210120\poi-5.0.0\graphics2d-0.30.jar;C:\Users\HP\Download
Launcher Type: SUN_STANDARD

Environment Variables:
PATH=C:/Program Files/Java/jre1.8.0_271/bin/server;C:/Program Files/Java/jre1.8.0_271/bin;C:/Program Files/Java/jre1.8.0_271/lib/amd64;C:\Program Files (x86)\Common Files\Oracle\Java\javapath;C:\WINDOWS\system32;C:\WINDOWS;C:\WINDOWS\System32\Wbem;C:\WINDOWS\System32\WindowsPowerShell\v1.0\;C:\Program Files (x86)\Windows Kits\8.1\Windows Performance Toolkit\;C:\Program Files\Git\cmd;C:\Program Files\Git\mingw64\bin;C:\Program Files\Git\usr\bin;C:\Program Files\Microsoft SQL Server\Client SDK\ODBC\110\Tools\Binn\;C:\WINDOWS\System32\OpenSSH\;C:\Program Files\Azure Data Studio\bin;C:\Program Files\Java\jre1.8.0_271\bin;C:\Users\HP\AppData\Local\Microsoft\WindowsApps;C:\Users\HP\AppData\Local\Programs\Microsoft VS Code\bin;C:\Program Files\JetBrains\PyCharm Community Edition 2020.2.3\bin;;;C:\Program Files\Azure Data Studio\bin;D:\Eclipse photon Java IDE\eclipse;
USERNAME=HP
OS=Windows_NT
PROCESSOR_IDENTIFIER=Intel64 Family 6 Model 142 Stepping 9, GenuineIntel



---------------  S Y S T E M  ---------------

OS: Windows 10.0 , 64 bit Build 19041 (10.0.19041.804)

CPU:total 4 (initial active 4) (2 cores per cpu, 2 threads per core) family 6 model 142 stepping 9, cmov, cx8, fxsr, mmx, sse, sse2, sse3, ssse3, sse4.1, sse4.2, popcnt, avx, avx2, aes, clmul, erms, 3dnowpref, lzcnt, ht, tsc, tscinvbit, bmi1, bmi2, adx

Memory: 4k page, physical 8303528k(2237884k free), swap 10258344k(5752k free)

vm_info: Java HotSpot(TM) 64-Bit Server VM (25.271-b09) for windows-amd64 JRE (1.8.0_271-b09), built on Sep 16 2020 19:14:59 by "" with MS VC++ 15.9 (VS2017)

time: Sat Apr 10 13:30:17 2021
timezone: India Standard Time
elapsed time: 0.575202 seconds (0d 0h 0m 0s)

