#
# There is insufficient memory for the Java Runtime Environment to continue.
# Native memory allocation (malloc) failed to allocate 1048576 bytes for AllocateHeap
# Possible reasons:
#   The system is out of physical RAM or swap space
#   The process is running with CompressedOops enabled, and the Java Heap may be blocking the growth of the native heap
# Possible solutions:
#   Reduce memory load on the system
#   Increase physical memory or swap space
#   Check if swap backing store is full
#   Decrease Java heap size (-Xmx/-Xms)
#   Decrease number of Java threads
#   Decrease Java thread stack sizes (-Xss)
#   Set larger code cache with -XX:ReservedCodeCacheSize=
#   JVM is running with Unscaled Compressed Oops mode in which the Java heap is
#     placed in the first 4GB address space. The Java Heap base address is the
#     maximum limit for the native heap growth. Please use -XX:HeapBaseMinAddress
#     to set the Java Heap base and to place the Java Heap above 4GB virtual address.
# This output file may be truncated or incomplete.
#
#  Out of Memory Error (memory/allocation.inline.hpp:61), pid=9288, tid=0x00000000000021b4
#
# JRE version:  (8.0_271-b09) (build )
# Java VM: Java HotSpot(TM) 64-Bit Server VM (25.271-b09 mixed mode windows-amd64 compressed oops)
# Failed to write core dump. Minidumps are not enabled by default on client versions of Windows
#

---------------  T H R E A D  ---------------

Current thread (0x00000201ef378000):  JavaThread "Unknown thread" [_thread_in_vm, id=8628, stack(0x000000c430000000,0x000000c430100000)]

Stack: [0x000000c430000000,0x000000c430100000]
Native frames: (J=compiled Java code, j=interpreted, Vv=VM code, C=native code)
V  [jvm.dll+0x33f6c9]
V  [jvm.dll+0x286122]
V  [jvm.dll+0x286dcd]
V  [jvm.dll+0x27d805]
V  [jvm.dll+0x1565d]
V  [jvm.dll+0x3da1f7]
V  [jvm.dll+0x3d6637]
V  [jvm.dll+0x10cfff]
V  [jvm.dll+0x21ab2b]
V  [jvm.dll+0x2494e7]
V  [jvm.dll+0x172a76]
C  [javaw.exe+0x2322]
C  [javaw.exe+0x16544]
C  [KERNEL32.DLL+0x17034]
C  [ntdll.dll+0x52651]


---------------  P R O C E S S  ---------------

Java Threads: ( => current thread )

Other Threads:

=>0x00000201ef378000 (exited) JavaThread "Unknown thread" [_thread_in_vm, id=8628, stack(0x000000c430000000,0x000000c430100000)]

VM state:not at safepoint (normal execution)

VM Mutex/Monitor currently owned by a thread: None

heap address: 0x0000000081400000, size: 2028 MB, Compressed Oops mode: 32-bit
Narrow klass base: 0x0000000000000000, Narrow klass shift: 3
Compressed class space size: 1073741824 Address: 0x0000000100000000

Heap:
 PSYoungGen      total 38400K, used 665K [0x00000000d5c00000, 0x00000000d8680000, 0x0000000100000000)
  eden space 33280K, 2% used [0x00000000d5c00000,0x00000000d5ca6670,0x00000000d7c80000)
  from space 5120K, 0% used [0x00000000d8180000,0x00000000d8180000,0x00000000d8680000)
  to   space 5120K, 0% used [0x00000000d7c80000,0x00000000d7c80000,0x00000000d8180000)
 ParOldGen       total 87552K, used 0K [0x0000000081400000, 0x0000000086980000, 0x00000000d5c00000)
  object space 87552K, 0% used [0x0000000081400000,0x0000000081400000,0x0000000086980000)
 Metaspace       used 754K, capacity 1092K, committed 1152K, reserved 1060864K
  class space    used 76K, capacity 384K, committed 384K, reserved 1048576K

Card table byte_map: [0x0000020180000000,0x0000020180400000] byte_map_base: 0x000002017fbf6000

Marking Bits: (ParMarkBitMap*) 0x00000000681e7fe0
 Begin Bits: [0x00000201806b0000, 0x0000020182660000)
 End Bits:   [0x0000020182660000, 0x0000020184610000)

Polling page: 0x00000201ef320000

CodeCache: size=245760Kb used=328Kb max_used=328Kb free=245431Kb
 bounds [0x00000201f0bf0000, 0x00000201f0e60000, 0x00000201ffbf0000]
 total_blobs=58 nmethods=0 adapters=38
 compilation: enabled

Compilation events (0 events):
No events

GC Heap History (0 events):
No events

Deoptimization events (0 events):
No events

Classes redefined (0 events):
No events

Internal exceptions (0 events):
No events

Events (10 events):
Event: 0.035 loading class java/lang/Short
Event: 0.035 loading class java/lang/Short done
Event: 0.035 loading class java/lang/Integer
Event: 0.035 loading class java/lang/Integer done
Event: 0.035 loading class java/lang/Long
Event: 0.035 loading class java/lang/Long done
Event: 0.037 loading class java/lang/NullPointerException
Event: 0.037 loading class java/lang/NullPointerException done
Event: 0.037 loading class java/lang/ArithmeticException
Event: 0.037 loading class java/lang/ArithmeticException done


Dynamic libraries:
0x00007ff7d0f60000 - 0x00007ff7d0fa7000 	C:\Program Files\Java\jre1.8.0_271\bin\javaw.exe
0x00007ffcdfd50000 - 0x00007ffcdff45000 	C:\WINDOWS\SYSTEM32\ntdll.dll
0x00007ffcdef40000 - 0x00007ffcdeffd000 	C:\WINDOWS\System32\KERNEL32.DLL
0x00007ffcdd850000 - 0x00007ffcddb19000 	C:\WINDOWS\System32\KERNELBASE.dll
0x00007ffcde170000 - 0x00007ffcde21c000 	C:\WINDOWS\System32\ADVAPI32.dll
0x00007ffcde220000 - 0x00007ffcde2be000 	C:\WINDOWS\System32\msvcrt.dll
0x00007ffcdf000000 - 0x00007ffcdf09c000 	C:\WINDOWS\System32\sechost.dll
0x00007ffcdded0000 - 0x00007ffcddffb000 	C:\WINDOWS\System32\RPCRT4.dll
0x00007ffcdeda0000 - 0x00007ffcdef40000 	C:\WINDOWS\System32\USER32.dll
0x00007ffcdd490000 - 0x00007ffcdd4b2000 	C:\WINDOWS\System32\win32u.dll
0x00007ffcde3a0000 - 0x00007ffcde3ca000 	C:\WINDOWS\System32\GDI32.dll
0x00007ffcddc00000 - 0x00007ffcddd0b000 	C:\WINDOWS\System32\gdi32full.dll
0x00007ffcddd10000 - 0x00007ffcdddad000 	C:\WINDOWS\System32\msvcp_win.dll
0x00007ffcdd6d0000 - 0x00007ffcdd7d0000 	C:\WINDOWS\System32\ucrtbase.dll
0x00007ffcc35a0000 - 0x00007ffcc383a000 	C:\WINDOWS\WinSxS\amd64_microsoft.windows.common-controls_6595b64144ccf1df_6.0.19041.844_none_ca00b6081b84eb1d\COMCTL32.dll
0x00007ffcdde90000 - 0x00007ffcddec0000 	C:\WINDOWS\System32\IMM32.DLL
0x00007ffcd37f0000 - 0x00007ffcd3805000 	C:\Program Files\Java\jre1.8.0_271\bin\vcruntime140.dll
0x00007ffcb6300000 - 0x00007ffcb639b000 	C:\Program Files\Java\jre1.8.0_271\bin\msvcp140.dll
0x00000000679f0000 - 0x000000006825f000 	C:\Program Files\Java\jre1.8.0_271\bin\server\jvm.dll
0x00007ffcdde80000 - 0x00007ffcdde88000 	C:\WINDOWS\System32\PSAPI.DLL
0x00007ffcc85a0000 - 0x00007ffcc85a9000 	C:\WINDOWS\SYSTEM32\WSOCK32.dll
0x00007ffcdf0a0000 - 0x00007ffcdf10b000 	C:\WINDOWS\System32\WS2_32.dll
0x00007ffcc2db0000 - 0x00007ffcc2dd7000 	C:\WINDOWS\SYSTEM32\WINMM.dll
0x00007ffcd4cd0000 - 0x00007ffcd4cda000 	C:\WINDOWS\SYSTEM32\VERSION.dll
0x00007ffcdbfe0000 - 0x00007ffcdbff2000 	C:\WINDOWS\SYSTEM32\kernel.appcore.dll
0x00007ffcbefd0000 - 0x00007ffcbefe0000 	C:\Program Files\Java\jre1.8.0_271\bin\verify.dll
0x00007ffcb65d0000 - 0x00007ffcb65fb000 	C:\Program Files\Java\jre1.8.0_271\bin\java.dll
0x00007ffcbef80000 - 0x00007ffcbef98000 	C:\Program Files\Java\jre1.8.0_271\bin\zip.dll
0x00007ffcdbb90000 - 0x00007ffcdbd74000 	C:\WINDOWS\SYSTEM32\dbghelp.dll
0x00007ffcdd7d0000 - 0x00007ffcdd850000 	C:\WINDOWS\System32\bcryptPrimitives.dll

VM Arguments:
jvm_args: -ea -Dfile.encoding=Cp1252 
java_command: org.testng.remote.RemoteTestNG -serport 56102 -protocol json -d C:\Users\HP\eclipse-workspace\FRAMEWORK\test-output C:\Users\HP\AppData\Local\Temp\testng-eclipse--1541523351\testng-customsuite.xml
java_class_path (initial): D:\Eclipse photon Java IDE\eclipse\configuration\org.eclipse.osgi\543\0\.cp\lib\testng-remote.jar;C:\Program Files\Java\jre1.8.0_271\lib\resources.jar;C:\Program Files\Java\jre1.8.0_271\lib\rt.jar;C:\Program Files\Java\jre1.8.0_271\lib\jsse.jar;C:\Program Files\Java\jre1.8.0_271\lib\jce.jar;C:\Program Files\Java\jre1.8.0_271\lib\charsets.jar;C:\Program Files\Java\jre1.8.0_271\lib\jfr.jar;C:\Program Files\Java\jre1.8.0_271\lib\ext\access-bridge-64.jar;C:\Program Files\Java\jre1.8.0_271\lib\ext\cldrdata.jar;C:\Program Files\Java\jre1.8.0_271\lib\ext\dnsns.jar;C:\Program Files\Java\jre1.8.0_271\lib\ext\jaccess.jar;C:\Program Files\Java\jre1.8.0_271\lib\ext\jfxrt.jar;C:\Program Files\Java\jre1.8.0_271\lib\ext\localedata.jar;C:\Program Files\Java\jre1.8.0_271\lib\ext\nashorn.jar;C:\Program Files\Java\jre1.8.0_271\lib\ext\sunec.jar;C:\Program Files\Java\jre1.8.0_271\lib\ext\sunjce_provider.jar;C:\Program Files\Java\jre1.8.0_271\lib\ext\sunmscapi.jar;C:\Program Files\Java\jre1.8.0_271\lib\ext\sunpkcs11.jar;C:\Program Files\Java\jre1.8.0_271\lib\ext\zipfs.jar;C:\Users\HP\eclipse-workspace\FRAMEWORK\bin;C:\Users\HP\Downloads\selenium-server-standalone-3.141.59.jar;C:\Users\HP\Downloads\poi-bin-5.0.0-20210120\poi-5.0.0\batik-all-1.13.jar;C:\Users\HP\Downloads\poi-bin-5.0.0-20210120\poi-5.0.0\bcpkix-jdk15on-1.68.jar;C:\Users\HP\Downloads\poi-bin-5.0.0-20210120\poi-5.0.0\bcprov-jdk15on-1.68.jar;C:\Users\HP\Downloads\poi-bin-5.0.0-20210120\poi-5.0.0\commons-codec-1.15.jar;C:\Users\HP\Downloads\poi-bin-5.0.0-20210120\poi-5.0.0\commons-collections4-4.4.jar;C:\Users\HP\Downloads\poi-bin-5.0.0-20210120\poi-5.0.0\commons-compress-1.20.jar;C:\Users\HP\Downloads\poi-bin-5.0.0-20210120\poi-5.0.0\commons-math3-3.6.1.jar;C:\Users\HP\Downloads\poi-bin-5.0.0-20210120\poi-5.0.0\curvesapi-1.06.jar;C:\Users\HP\Downloads\poi-bin-5.0.0-20210120\poi-5.0.0\fontbox-2.0.22.jar;C:\Users\HP\Downloads\poi-bin-5.0.0-20210120\poi-5.0.0\graphics2d-0.30.jar;C:\Users\HP\Download
Launcher Type: SUN_STANDARD

Environment Variables:
PATH=C:/Program Files/Java/jre1.8.0_271/bin/server;C:/Program Files/Java/jre1.8.0_271/bin;C:/Program Files/Java/jre1.8.0_271/lib/amd64;C:\Program Files (x86)\Common Files\Oracle\Java\javapath;C:\WINDOWS\system32;C:\WINDOWS;C:\WINDOWS\System32\Wbem;C:\WINDOWS\System32\WindowsPowerShell\v1.0\;C:\Program Files (x86)\Windows Kits\8.1\Windows Performance Toolkit\;C:\Program Files\Git\cmd;C:\Program Files\Git\mingw64\bin;C:\Program Files\Git\usr\bin;C:\Program Files\Microsoft SQL Server\Client SDK\ODBC\110\Tools\Binn\;C:\WINDOWS\System32\OpenSSH\;C:\Program Files\Azure Data Studio\bin;C:\Program Files\Java\jre1.8.0_271\bin;C:\Users\HP\AppData\Local\Microsoft\WindowsApps;C:\Users\HP\AppData\Local\Programs\Microsoft VS Code\bin;C:\Program Files\JetBrains\PyCharm Community Edition 2020.2.3\bin;;;C:\Program Files\Azure Data Studio\bin;D:\Eclipse photon Java IDE\eclipse;
USERNAME=HP
OS=Windows_NT
PROCESSOR_IDENTIFIER=Intel64 Family 6 Model 142 Stepping 9, GenuineIntel



---------------  S Y S T E M  ---------------

OS: Windows 10.0 , 64 bit Build 19041 (10.0.19041.804)

CPU:total 4 (initial active 4) (2 cores per cpu, 2 threads per core) family 6 model 142 stepping 9, cmov, cx8, fxsr, mmx, sse, sse2, sse3, ssse3, sse4.1, sse4.2, popcnt, avx, avx2, aes, clmul, erms, 3dnowpref, lzcnt, ht, tsc, tscinvbit, bmi1, bmi2, adx

Memory: 4k page, physical 8303528k(1708768k free), swap 10258344k(5128k free)

vm_info: Java HotSpot(TM) 64-Bit Server VM (25.271-b09) for windows-amd64 JRE (1.8.0_271-b09), built on Sep 16 2020 19:14:59 by "" with MS VC++ 15.9 (VS2017)

time: Mon Mar 29 16:56:05 2021
timezone: India Standard Time
elapsed time: 0.069398 seconds (0d 0h 0m 0s)

