#
# There is insufficient memory for the Java Runtime Environment to continue.
# Native memory allocation (malloc) failed to allocate 32744 bytes for ChunkPool::allocate
# Possible reasons:
#   The system is out of physical RAM or swap space
#   The process is running with CompressedOops enabled, and the Java Heap may be blocking the growth of the native heap
# Possible solutions:
#   Reduce memory load on the system
#   Increase physical memory or swap space
#   Check if swap backing store is full
#   Decrease Java heap size (-Xmx/-Xms)
#   Decrease number of Java threads
#   Decrease Java thread stack sizes (-Xss)
#   Set larger code cache with -XX:ReservedCodeCacheSize=
#   JVM is running with Unscaled Compressed Oops mode in which the Java heap is
#     placed in the first 4GB address space. The Java Heap base address is the
#     maximum limit for the native heap growth. Please use -XX:HeapBaseMinAddress
#     to set the Java Heap base and to place the Java Heap above 4GB virtual address.
# This output file may be truncated or incomplete.
#
#  Out of Memory Error (allocation.cpp:272), pid=4988, tid=0x0000000000003f4c
#
# JRE version: Java(TM) SE Runtime Environment (8.0_271-b09) (build 1.8.0_271-b09)
# Java VM: Java HotSpot(TM) 64-Bit Server VM (25.271-b09 mixed mode windows-amd64 compressed oops)
# Failed to write core dump. Minidumps are not enabled by default on client versions of Windows
#

---------------  T H R E A D  ---------------

Current thread (0x000001ab1c45a800):  JavaThread "main" [_thread_in_vm, id=16204, stack(0x00000019f0300000,0x00000019f0400000)]

Stack: [0x00000019f0300000,0x00000019f0400000]
Native frames: (J=compiled Java code, j=interpreted, Vv=VM code, C=native code)
V  [jvm.dll+0x33f6c9]

Java frames: (J=compiled Java code, j=interpreted, Vv=VM code)
j  java.lang.ClassLoader.defineClass1(Ljava/lang/String;[BIILjava/security/ProtectionDomain;Ljava/lang/String;)Ljava/lang/Class;+0
j  java.lang.ClassLoader.defineClass(Ljava/lang/String;[BIILjava/security/ProtectionDomain;)Ljava/lang/Class;+27
J 658 C1 java.net.URLClassLoader.defineClass(Ljava/lang/String;Lsun/misc/Resource;)Ljava/lang/Class; (142 bytes) @ 0x000001ab1e08337c [0x000001ab1e081800+0x1b7c]
J 595 C1 java.net.URLClassLoader$1.run()Ljava/lang/Class; (63 bytes) @ 0x000001ab1e054cd4 [0x000001ab1e054a20+0x2b4]
J 462 C1 java.net.URLClassLoader$1.run()Ljava/lang/Object; (5 bytes) @ 0x000001ab1dfed10c [0x000001ab1dfed080+0x8c]
v  ~StubRoutines::call_stub
J 265  java.security.AccessController.doPrivileged(Ljava/security/PrivilegedExceptionAction;Ljava/security/AccessControlContext;)Ljava/lang/Object; (0 bytes) @ 0x000001ab1df887a6 [0x000001ab1df88740+0x66]
J 460 C1 java.net.URLClassLoader.findClass(Ljava/lang/String;)Ljava/lang/Class; (47 bytes) @ 0x000001ab1dfec484 [0x000001ab1dfec300+0x184]
J 238 C1 java.lang.ClassLoader.loadClass(Ljava/lang/String;Z)Ljava/lang/Class; (122 bytes) @ 0x000001ab1df768fc [0x000001ab1df75f80+0x97c]
J 338 C1 sun.misc.Launcher$AppClassLoader.loadClass(Ljava/lang/String;Z)Ljava/lang/Class; (85 bytes) @ 0x000001ab1dfadcac [0x000001ab1dfad300+0x9ac]
J 337 C1 java.lang.ClassLoader.loadClass(Ljava/lang/String;)Ljava/lang/Class; (7 bytes) @ 0x000001ab1dfacf0c [0x000001ab1dface00+0x10c]
v  ~StubRoutines::call_stub
j  org.testng.TestRunner.<init>(Lorg/testng/internal/IConfiguration;Lorg/testng/ISuite;Lorg/testng/xml/XmlTest;ZLjava/util/Collection;Ljava/util/List;)V+92
j  org.testng.remote.support.RemoteTestNG6_12$1.newTestRunner(Lorg/testng/ISuite;Lorg/testng/xml/XmlTest;Ljava/util/Collection;Ljava/util/List;)Lorg/testng/TestRunner;+17
j  org.testng.remote.support.RemoteTestNG6_12$DelegatingTestRunnerFactory.newTestRunner(Lorg/testng/ISuite;Lorg/testng/xml/XmlTest;Ljava/util/Collection;Ljava/util/List;)Lorg/testng/TestRunner;+9
j  org.testng.ITestRunnerFactory.newTestRunner(Lorg/testng/ISuite;Lorg/testng/xml/XmlTest;Ljava/util/Collection;Ljava/util/List;Lorg/testng/DataProviderHolder;)Lorg/testng/TestRunner;+6
j  org.testng.SuiteRunner$ProxyTestRunnerFactory.newTestRunner(Lorg/testng/ISuite;Lorg/testng/xml/XmlTest;Ljava/util/Collection;Ljava/util/List;Lorg/testng/DataProviderHolder;)Lorg/testng/TestRunner;+11
j  org.testng.SuiteRunner.init(Lorg/testng/internal/IConfiguration;Lorg/testng/xml/XmlSuite;Ljava/lang/String;Lorg/testng/ITestRunnerFactory;ZLjava/util/List;Ljava/util/Collection;Ljava/util/Collection;Ljava/util/Collection;Lorg/testng/DataProviderHolder;Ljava/util/Comparator;)V+348
j  org.testng.SuiteRunner.<init>(Lorg/testng/internal/IConfiguration;Lorg/testng/xml/XmlSuite;Ljava/lang/String;Lorg/testng/ITestRunnerFactory;ZLjava/util/List;Ljava/util/Collection;Ljava/util/Collection;Ljava/util/Collection;Lorg/testng/DataProviderHolder;Ljava/util/Comparator;)V+150
j  org.testng.TestNG.createSuiteRunner(Lorg/testng/xml/XmlSuite;)Lorg/testng/SuiteRunner;+90
j  org.testng.TestNG.createSuiteRunners(Lorg/testng/internal/SuiteRunnerMap;Lorg/testng/xml/XmlSuite;)V+241
j  org.testng.TestNG.runSuitesLocally()Ljava/util/List;+91
j  org.testng.TestNG.runSuites()Ljava/util/List;+1
j  org.testng.TestNG.run()V+25
j  org.testng.remote.AbstractRemoteTestNG.run()V+149
j  org.testng.remote.RemoteTestNG.initAndRun(Lorg/testng/remote/IRemoteTestNG;[Ljava/lang/String;Lorg/testng/CommandLineArgs;Lorg/testng/remote/RemoteArgs;)V+184
j  org.testng.remote.RemoteTestNG.main([Ljava/lang/String;)V+201
v  ~StubRoutines::call_stub

---------------  P R O C E S S  ---------------

Java Threads: ( => current thread )
  0x000001ab33b7d800 JavaThread "ReaderThread" [_thread_in_native, id=21284, stack(0x00000019f1300000,0x00000019f1400000)]
  0x000001ab32c94000 JavaThread "Service Thread" daemon [_thread_blocked, id=22196, stack(0x00000019f1000000,0x00000019f1100000)]
  0x000001ab32c67800 JavaThread "C1 CompilerThread2" daemon [_thread_in_native, id=21684, stack(0x00000019f0f00000,0x00000019f1000000)]
  0x000001ab32c4e000 JavaThread "C2 CompilerThread1" daemon [_thread_in_native, id=12908, stack(0x00000019f0e00000,0x00000019f0f00000)]
  0x000001ab32bfe000 JavaThread "C2 CompilerThread0" daemon [_thread_in_native, id=21732, stack(0x00000019f0d00000,0x00000019f0e00000)]
  0x000001ab32bfd000 JavaThread "Attach Listener" daemon [_thread_blocked, id=4480, stack(0x00000019f0c00000,0x00000019f0d00000)]
  0x000001ab32c0a800 JavaThread "Signal Dispatcher" daemon [_thread_blocked, id=20612, stack(0x00000019f0b00000,0x00000019f0c00000)]
  0x000001ab324bd800 JavaThread "Finalizer" daemon [_thread_blocked, id=20780, stack(0x00000019f0a00000,0x00000019f0b00000)]
  0x000001ab324b6000 JavaThread "Reference Handler" daemon [_thread_blocked, id=18596, stack(0x00000019f0900000,0x00000019f0a00000)]
=>0x000001ab1c45a800 JavaThread "main" [_thread_in_vm, id=16204, stack(0x00000019f0300000,0x00000019f0400000)]

Other Threads:
  0x000001ab32bc2800 VMThread [stack: 0x00000019f0800000,0x00000019f0900000] [id=16564]
  0x000001ab32c98800 WatcherThread [stack: 0x00000019f1100000,0x00000019f1200000] [id=22232]

VM state:not at safepoint (normal execution)

VM Mutex/Monitor currently owned by a thread: None

heap address: 0x0000000081400000, size: 2028 MB, Compressed Oops mode: 32-bit
Narrow klass base: 0x0000000000000000, Narrow klass shift: 3
Compressed class space size: 1073741824 Address: 0x0000000100000000

Heap:
 PSYoungGen      total 38400K, used 16747K [0x00000000d5c00000, 0x00000000d8680000, 0x0000000100000000)
  eden space 33280K, 50% used [0x00000000d5c00000,0x00000000d6c5acc8,0x00000000d7c80000)
  from space 5120K, 0% used [0x00000000d8180000,0x00000000d8180000,0x00000000d8680000)
  to   space 5120K, 0% used [0x00000000d7c80000,0x00000000d7c80000,0x00000000d8180000)
 ParOldGen       total 87552K, used 0K [0x0000000081400000, 0x0000000086980000, 0x00000000d5c00000)
  object space 87552K, 0% used [0x0000000081400000,0x0000000081400000,0x0000000086980000)
 Metaspace       used 8380K, capacity 8556K, committed 8832K, reserved 1062912K
  class space    used 991K, capacity 1066K, committed 1152K, reserved 1048576K

Card table byte_map: [0x000001ab2d1b0000,0x000001ab2d5b0000] byte_map_base: 0x000001ab2cda6000

Marking Bits: (ParMarkBitMap*) 0x000000005a787fe0
 Begin Bits: [0x000001ab2d860000, 0x000001ab2f810000)
 End Bits:   [0x000001ab2f810000, 0x000001ab317c0000)

Polling page: 0x000001ab1c400000

CodeCache: size=245760Kb used=2660Kb max_used=2660Kb free=243099Kb
 bounds [0x000001ab1ddf0000, 0x000001ab1e090000, 0x000001ab2cdf0000]
 total_blobs=991 nmethods=669 adapters=235
 compilation: enabled

Compilation events (10 events):
Event: 1.023 Thread 0x000001ab32c67800 nmethod 666 0x000001ab1e087e90 code [0x000001ab1e088020, 0x000001ab1e088490]
Event: 1.023 Thread 0x000001ab32c67800  667       3       java.lang.invoke.LambdaForm::parameter (52 bytes)
Event: 1.023 Thread 0x000001ab32c67800 nmethod 667 0x000001ab1e088710 code [0x000001ab1e088860, 0x000001ab1e0889f8]
Event: 1.023 Thread 0x000001ab32c67800  665       3       java.lang.invoke.MemberName::getName (25 bytes)
Event: 1.024 Thread 0x000001ab32c67800 nmethod 665 0x000001ab1e088ad0 code [0x000001ab1e088c60, 0x000001ab1e089090]
Event: 1.024 Thread 0x000001ab32c67800  668       3       sun.net.www.protocol.file.Handler::parseURL (18 bytes)
Event: 1.024 Thread 0x000001ab32c67800 nmethod 668 0x000001ab1e089190 code [0x000001ab1e089300, 0x000001ab1e089580]
Event: 1.024 Thread 0x000001ab32c67800  669       3       java.net.URLStreamHandler::parseURL (1193 bytes)
Event: 1.027 Thread 0x000001ab32bfe000  671       4       java.util.zip.ZipCoder::getBytes (192 bytes)
Event: 1.030 Thread 0x000001ab32c4e000  672       4       java.util.zip.ZipFile::ensureOpen (37 bytes)

GC Heap History (0 events):
No events

Deoptimization events (2 events):
Event: 0.516 Thread 0x000001ab1c45a800 Uncommon trap: reason=unstable_if action=reinterpret pc=0x000001ab1dfff9b4 method=sun.misc.MetaIndex.mayContain(Ljava/lang/String;)Z @ 38
Event: 0.546 Thread 0x000001ab1c45a800 Uncommon trap: reason=unstable_if action=reinterpret pc=0x000001ab1dfa246c method=java.lang.String.indexOf([CII[CIII)I @ 3

Classes redefined (0 events):
No events

Internal exceptions (10 events):
Event: 0.040 Thread 0x000001ab1c45a800 Exception <a 'java/lang/NoSuchMethodError': Method sun.misc.Unsafe.prefetchRead(Ljava/lang/Object;J)V name or signature does not match> (0x00000000d5c07fa8) thrown at [C:\jenkins\workspace\8-2-build-windows-amd64-cygwin\jdk8u271\605\hotspot\src\share\vm\p
Event: 0.242 Thread 0x000001ab1c45a800 Exception <a 'java/lang/ArrayIndexOutOfBoundsException'> (0x00000000d613c928) thrown at [C:\jenkins\workspace\8-2-build-windows-amd64-cygwin\jdk8u271\605\hotspot\src\share\vm\runtime\sharedRuntime.cpp, line 609]
Event: 0.242 Thread 0x000001ab1c45a800 Exception <a 'java/lang/ArrayIndexOutOfBoundsException'> (0x00000000d613d830) thrown at [C:\jenkins\workspace\8-2-build-windows-amd64-cygwin\jdk8u271\605\hotspot\src\share\vm\runtime\sharedRuntime.cpp, line 609]
Event: 0.251 Thread 0x000001ab1c45a800 Exception <a 'java/security/PrivilegedActionException'> (0x00000000d6162c88) thrown at [C:\jenkins\workspace\8-2-build-windows-amd64-cygwin\jdk8u271\605\hotspot\src\share\vm\prims\jvm.cpp, line 1512]
Event: 0.251 Thread 0x000001ab1c45a800 Exception <a 'java/security/PrivilegedActionException'> (0x00000000d6162e98) thrown at [C:\jenkins\workspace\8-2-build-windows-amd64-cygwin\jdk8u271\605\hotspot\src\share\vm\prims\jvm.cpp, line 1512]
Event: 0.252 Thread 0x000001ab1c45a800 Exception <a 'java/security/PrivilegedActionException'> (0x00000000d6166b08) thrown at [C:\jenkins\workspace\8-2-build-windows-amd64-cygwin\jdk8u271\605\hotspot\src\share\vm\prims\jvm.cpp, line 1512]
Event: 0.252 Thread 0x000001ab1c45a800 Exception <a 'java/security/PrivilegedActionException'> (0x00000000d6166d18) thrown at [C:\jenkins\workspace\8-2-build-windows-amd64-cygwin\jdk8u271\605\hotspot\src\share\vm\prims\jvm.cpp, line 1512]
Event: 0.427 Thread 0x000001ab1c45a800 Exception <a 'java/lang/NoSuchFieldError': method resolution failed> (0x00000000d63b7828) thrown at [C:\jenkins\workspace\8-2-build-windows-amd64-cygwin\jdk8u271\605\hotspot\src\share\vm\prims\methodHandles.cpp, line 1169]
Event: 0.429 Thread 0x000001ab1c45a800 Exception <a 'java/lang/NoSuchFieldError': method resolution failed> (0x00000000d63c4b78) thrown at [C:\jenkins\workspace\8-2-build-windows-amd64-cygwin\jdk8u271\605\hotspot\src\share\vm\prims\methodHandles.cpp, line 1169]
Event: 1.022 Thread 0x000001ab1c45a800 Exception <a 'java/lang/NoSuchMethodError': java.lang.Object.lambda$comparingInt$7b0bb60$1(Ljava/util/function/ToIntFunction;Ljava/lang/Object;Ljava/lang/Object;)I> (0x00000000d6ba82f8) thrown at [C:\jenkins\workspace\8-2-build-windows-amd64-cygwin\jdk8u2

Events (10 events):
Event: 1.027 loading class org/testng/ITestMethodFinder
Event: 1.027 loading class org/testng/ITestMethodFinder done
Event: 1.028 loading class org/testng/IMethodSelector
Event: 1.028 loading class org/testng/IMethodSelector done
Event: 1.029 loading class org/testng/GuiceHelper
Event: 1.029 loading class org/testng/GuiceHelper done
Event: 1.029 loading class org/testng/TestRunner$ConfigurationListener
Event: 1.029 loading class org/testng/TestRunner$ConfigurationListener done
Event: 1.030 loading class org/testng/ITestNGMethod
Event: 1.030 loading class org/testng/ITestNGMethod done


Dynamic libraries:
0x00007ff6adcf0000 - 0x00007ff6add37000 	C:\Program Files\Java\jre1.8.0_271\bin\javaw.exe
0x00007ff84ae50000 - 0x00007ff84b045000 	C:\WINDOWS\SYSTEM32\ntdll.dll
0x00007ff84ad50000 - 0x00007ff84ae0d000 	C:\WINDOWS\System32\KERNEL32.DLL
0x00007ff848970000 - 0x00007ff848c39000 	C:\WINDOWS\System32\KERNELBASE.dll
0x00007ff84a100000 - 0x00007ff84a1ac000 	C:\WINDOWS\System32\ADVAPI32.dll
0x00007ff848fb0000 - 0x00007ff84904e000 	C:\WINDOWS\System32\msvcrt.dll
0x00007ff8499d0000 - 0x00007ff849a6c000 	C:\WINDOWS\System32\sechost.dll
0x00007ff849230000 - 0x00007ff84935b000 	C:\WINDOWS\System32\RPCRT4.dll
0x00007ff849830000 - 0x00007ff8499d0000 	C:\WINDOWS\System32\USER32.dll
0x00007ff848cd0000 - 0x00007ff848cf2000 	C:\WINDOWS\System32\win32u.dll
0x00007ff849b40000 - 0x00007ff849b6a000 	C:\WINDOWS\System32\GDI32.dll
0x00007ff8486b0000 - 0x00007ff8487bb000 	C:\WINDOWS\System32\gdi32full.dll
0x00007ff848590000 - 0x00007ff84862d000 	C:\WINDOWS\System32\msvcp_win.dll
0x00007ff848db0000 - 0x00007ff848eb0000 	C:\WINDOWS\System32\ucrtbase.dll
0x00007ff82e3f0000 - 0x00007ff82e68a000 	C:\WINDOWS\WinSxS\amd64_microsoft.windows.common-controls_6595b64144ccf1df_6.0.19041.844_none_ca00b6081b84eb1d\COMCTL32.dll
0x00007ff84a050000 - 0x00007ff84a080000 	C:\WINDOWS\System32\IMM32.DLL
0x00007ff832460000 - 0x00007ff832475000 	C:\Program Files\Java\jre1.8.0_271\bin\vcruntime140.dll
0x00007ff821190000 - 0x00007ff82122b000 	C:\Program Files\Java\jre1.8.0_271\bin\msvcp140.dll
0x0000000059f90000 - 0x000000005a7ff000 	C:\Program Files\Java\jre1.8.0_271\bin\server\jvm.dll
0x00007ff848f30000 - 0x00007ff848f38000 	C:\WINDOWS\System32\PSAPI.DLL
0x00007ff82a5f0000 - 0x00007ff82a617000 	C:\WINDOWS\SYSTEM32\WINMM.dll
0x00007ff832e20000 - 0x00007ff832e29000 	C:\WINDOWS\SYSTEM32\WSOCK32.dll
0x00007ff841370000 - 0x00007ff84137a000 	C:\WINDOWS\SYSTEM32\VERSION.dll
0x00007ff849ad0000 - 0x00007ff849b3b000 	C:\WINDOWS\System32\WS2_32.dll
0x00007ff847180000 - 0x00007ff847192000 	C:\WINDOWS\SYSTEM32\kernel.appcore.dll
0x00007ff83e600000 - 0x00007ff83e610000 	C:\Program Files\Java\jre1.8.0_271\bin\verify.dll
0x00007ff832500000 - 0x00007ff83252b000 	C:\Program Files\Java\jre1.8.0_271\bin\java.dll
0x00007ff838170000 - 0x00007ff838188000 	C:\Program Files\Java\jre1.8.0_271\bin\zip.dll
0x00007ff84a450000 - 0x00007ff84ab92000 	C:\WINDOWS\System32\SHELL32.dll
0x00007ff8462c0000 - 0x00007ff846a50000 	C:\WINDOWS\SYSTEM32\windows.storage.dll
0x00007ff849cf0000 - 0x00007ff84a045000 	C:\WINDOWS\System32\combase.dll
0x00007ff847f90000 - 0x00007ff847fbc000 	C:\WINDOWS\SYSTEM32\Wldp.dll
0x00007ff849050000 - 0x00007ff8490fe000 	C:\WINDOWS\System32\SHCORE.dll
0x00007ff849a70000 - 0x00007ff849ac5000 	C:\WINDOWS\System32\shlwapi.dll
0x00007ff8484d0000 - 0x00007ff8484ef000 	C:\WINDOWS\SYSTEM32\profapi.dll
0x00007ff830610000 - 0x00007ff83062c000 	C:\Program Files\Java\jre1.8.0_271\bin\net.dll
0x00007ff847cb0000 - 0x00007ff847d1a000 	C:\WINDOWS\system32\mswsock.dll
0x00007ff8479e0000 - 0x00007ff847aab000 	C:\WINDOWS\SYSTEM32\DNSAPI.dll
0x00007ff8479a0000 - 0x00007ff8479db000 	C:\WINDOWS\SYSTEM32\IPHLPAPI.DLL
0x00007ff848f40000 - 0x00007ff848f48000 	C:\WINDOWS\System32\NSI.dll
0x00007ff83f1b0000 - 0x00007ff83f1ba000 	C:\Windows\System32\rasadhlp.dll
0x00007ff839780000 - 0x00007ff8397ff000 	C:\WINDOWS\System32\fwpuclnt.dll
0x00007ff848ca0000 - 0x00007ff848cc7000 	C:\WINDOWS\System32\bcrypt.dll
0x00007ff847e90000 - 0x00007ff847ea8000 	C:\WINDOWS\SYSTEM32\CRYPTSP.dll
0x00007ff847650000 - 0x00007ff847684000 	C:\WINDOWS\system32\rsaenh.dll
0x00007ff848450000 - 0x00007ff84847e000 	C:\WINDOWS\SYSTEM32\USERENV.dll
0x00007ff848630000 - 0x00007ff8486b0000 	C:\WINDOWS\System32\bcryptprimitives.dll
0x00007ff847e80000 - 0x00007ff847e8c000 	C:\WINDOWS\SYSTEM32\CRYPTBASE.dll
0x00007ff8462a0000 - 0x00007ff8462b7000 	C:\WINDOWS\SYSTEM32\dhcpcsvc6.DLL
0x00007ff846280000 - 0x00007ff84629d000 	C:\WINDOWS\SYSTEM32\dhcpcsvc.DLL
0x00007ff82b680000 - 0x00007ff82b693000 	C:\Program Files\Java\jre1.8.0_271\bin\nio.dll

VM Arguments:
jvm_args: -ea -Dfile.encoding=Cp1252 
java_command: org.testng.remote.RemoteTestNG -serport 54683 -protocol json -d C:\Users\HP\eclipse-workspace\FRAMEWORK\test-output C:\Users\HP\AppData\Local\Temp\testng-eclipse-1390090842\testng-customsuite.xml
java_class_path (initial): D:\Eclipse photon Java IDE\eclipse\configuration\org.eclipse.osgi\543\0\.cp\lib\testng-remote.jar;C:\Program Files\Java\jre1.8.0_271\lib\resources.jar;C:\Program Files\Java\jre1.8.0_271\lib\rt.jar;C:\Program Files\Java\jre1.8.0_271\lib\jsse.jar;C:\Program Files\Java\jre1.8.0_271\lib\jce.jar;C:\Program Files\Java\jre1.8.0_271\lib\charsets.jar;C:\Program Files\Java\jre1.8.0_271\lib\jfr.jar;C:\Program Files\Java\jre1.8.0_271\lib\ext\access-bridge-64.jar;C:\Program Files\Java\jre1.8.0_271\lib\ext\cldrdata.jar;C:\Program Files\Java\jre1.8.0_271\lib\ext\dnsns.jar;C:\Program Files\Java\jre1.8.0_271\lib\ext\jaccess.jar;C:\Program Files\Java\jre1.8.0_271\lib\ext\jfxrt.jar;C:\Program Files\Java\jre1.8.0_271\lib\ext\localedata.jar;C:\Program Files\Java\jre1.8.0_271\lib\ext\nashorn.jar;C:\Program Files\Java\jre1.8.0_271\lib\ext\sunec.jar;C:\Program Files\Java\jre1.8.0_271\lib\ext\sunjce_provider.jar;C:\Program Files\Java\jre1.8.0_271\lib\ext\sunmscapi.jar;C:\Program Files\Java\jre1.8.0_271\lib\ext\sunpkcs11.jar;C:\Program Files\Java\jre1.8.0_271\lib\ext\zipfs.jar;C:\Users\HP\eclipse-workspace\FRAMEWORK\bin;C:\Users\HP\Downloads\selenium-server-standalone-3.141.59.jar;C:\Users\HP\Downloads\poi-bin-5.0.0-20210120\poi-5.0.0\batik-all-1.13.jar;C:\Users\HP\Downloads\poi-bin-5.0.0-20210120\poi-5.0.0\bcpkix-jdk15on-1.68.jar;C:\Users\HP\Downloads\poi-bin-5.0.0-20210120\poi-5.0.0\bcprov-jdk15on-1.68.jar;C:\Users\HP\Downloads\poi-bin-5.0.0-20210120\poi-5.0.0\commons-codec-1.15.jar;C:\Users\HP\Downloads\poi-bin-5.0.0-20210120\poi-5.0.0\commons-collections4-4.4.jar;C:\Users\HP\Downloads\poi-bin-5.0.0-20210120\poi-5.0.0\commons-compress-1.20.jar;C:\Users\HP\Downloads\poi-bin-5.0.0-20210120\poi-5.0.0\commons-math3-3.6.1.jar;C:\Users\HP\Downloads\poi-bin-5.0.0-20210120\poi-5.0.0\curvesapi-1.06.jar;C:\Users\HP\Downloads\poi-bin-5.0.0-20210120\poi-5.0.0\fontbox-2.0.22.jar;C:\Users\HP\Downloads\poi-bin-5.0.0-20210120\poi-5.0.0\graphics2d-0.30.jar;C:\Users\HP\Download
Launcher Type: SUN_STANDARD

Environment Variables:
PATH=C:/Program Files/Java/jre1.8.0_271/bin/server;C:/Program Files/Java/jre1.8.0_271/bin;C:/Program Files/Java/jre1.8.0_271/lib/amd64;C:\Program Files (x86)\Common Files\Oracle\Java\javapath;C:\WINDOWS\system32;C:\WINDOWS;C:\WINDOWS\System32\Wbem;C:\WINDOWS\System32\WindowsPowerShell\v1.0\;C:\Program Files (x86)\Windows Kits\8.1\Windows Performance Toolkit\;C:\Program Files\Git\cmd;C:\Program Files\Git\mingw64\bin;C:\Program Files\Git\usr\bin;C:\Program Files\Microsoft SQL Server\Client SDK\ODBC\110\Tools\Binn\;C:\WINDOWS\System32\OpenSSH\;C:\Program Files\Azure Data Studio\bin;C:\Program Files\Java\jre1.8.0_271\bin;C:\Users\HP\AppData\Local\Microsoft\WindowsApps;C:\Users\HP\AppData\Local\Programs\Microsoft VS Code\bin;C:\Program Files\JetBrains\PyCharm Community Edition 2020.2.3\bin;;;C:\Program Files\Azure Data Studio\bin;D:\Eclipse photon Java IDE\eclipse;
USERNAME=HP
OS=Windows_NT
PROCESSOR_IDENTIFIER=Intel64 Family 6 Model 142 Stepping 9, GenuineIntel



---------------  S Y S T E M  ---------------

OS: Windows 10.0 , 64 bit Build 19041 (10.0.19041.804)

CPU:total 4 (initial active 4) (2 cores per cpu, 2 threads per core) family 6 model 142 stepping 9, cmov, cx8, fxsr, mmx, sse, sse2, sse3, ssse3, sse4.1, sse4.2, popcnt, avx, avx2, aes, clmul, erms, 3dnowpref, lzcnt, ht, tsc, tscinvbit, bmi1, bmi2, adx

Memory: 4k page, physical 8303528k(2718860k free), swap 10258344k(4600k free)

vm_info: Java HotSpot(TM) 64-Bit Server VM (25.271-b09) for windows-amd64 JRE (1.8.0_271-b09), built on Sep 16 2020 19:14:59 by "" with MS VC++ 15.9 (VS2017)

time: Tue Apr  6 19:38:56 2021
timezone: India Standard Time
elapsed time: 1.077631 seconds (0d 0h 0m 1s)

