#
# There is insufficient memory for the Java Runtime Environment to continue.
# Native memory allocation (malloc) failed to allocate 350096 bytes for Chunk::new
# Possible reasons:
#   The system is out of physical RAM or swap space
#   The process is running with CompressedOops enabled, and the Java Heap may be blocking the growth of the native heap
# Possible solutions:
#   Reduce memory load on the system
#   Increase physical memory or swap space
#   Check if swap backing store is full
#   Decrease Java heap size (-Xmx/-Xms)
#   Decrease number of Java threads
#   Decrease Java thread stack sizes (-Xss)
#   Set larger code cache with -XX:ReservedCodeCacheSize=
#   JVM is running with Unscaled Compressed Oops mode in which the Java heap is
#     placed in the first 4GB address space. The Java Heap base address is the
#     maximum limit for the native heap growth. Please use -XX:HeapBaseMinAddress
#     to set the Java Heap base and to place the Java Heap above 4GB virtual address.
# This output file may be truncated or incomplete.
#
#  Out of Memory Error (allocation.cpp:389), pid=14956, tid=0x0000000000002168
#
# JRE version: Java(TM) SE Runtime Environment (8.0_271-b09) (build 1.8.0_271-b09)
# Java VM: Java HotSpot(TM) 64-Bit Server VM (25.271-b09 mixed mode windows-amd64 compressed oops)
# Failed to write core dump. Minidumps are not enabled by default on client versions of Windows
#

---------------  T H R E A D  ---------------

Current thread (0x000002121b760800):  JavaThread "C2 CompilerThread1" daemon [_thread_in_native, id=8552, stack(0x000000c55f800000,0x000000c55f900000)]

Stack: [0x000000c55f800000,0x000000c55f900000]
Native frames: (J=compiled Java code, j=interpreted, Vv=VM code, C=native code)
V  [jvm.dll+0x33f6c9]


Current CompileTask:
C2:   1096  683   !   4       sun.misc.URLClassPath$JarLoader::getResource (85 bytes)


---------------  P R O C E S S  ---------------

Java Threads: ( => current thread )
  0x000002121c896800 JavaThread "ReaderThread" [_thread_in_native, id=7300, stack(0x000000c55fd00000,0x000000c55fe00000)]
  0x000002121b7f8000 JavaThread "Service Thread" daemon [_thread_blocked, id=15680, stack(0x000000c55fa00000,0x000000c55fb00000)]
  0x000002121b761800 JavaThread "C1 CompilerThread2" daemon [_thread_blocked, id=12624, stack(0x000000c55f900000,0x000000c55fa00000)]
=>0x000002121b760800 JavaThread "C2 CompilerThread1" daemon [_thread_in_native, id=8552, stack(0x000000c55f800000,0x000000c55f900000)]
  0x000002121b754000 JavaThread "C2 CompilerThread0" daemon [_thread_in_native, id=7288, stack(0x000000c55f700000,0x000000c55f800000)]
  0x000002121b750800 JavaThread "Attach Listener" daemon [_thread_blocked, id=1332, stack(0x000000c55f600000,0x000000c55f700000)]
  0x000002121b74f000 JavaThread "Signal Dispatcher" daemon [_thread_blocked, id=10500, stack(0x000000c55f500000,0x000000c55f600000)]
  0x000002121afed000 JavaThread "Finalizer" daemon [_thread_blocked, id=10272, stack(0x000000c55f300000,0x000000c55f400000)]
  0x000002121afe6000 JavaThread "Reference Handler" daemon [_thread_blocked, id=13840, stack(0x000000c55f200000,0x000000c55f300000)]
  0x0000021204f38000 JavaThread "main" [_thread_blocked, id=13468, stack(0x000000c55ec00000,0x000000c55ed00000)]

Other Threads:
  0x000002121b711800 VMThread [stack: 0x000000c55f100000,0x000000c55f200000] [id=14636]
  0x000002121b7fd000 WatcherThread [stack: 0x000000c55fb00000,0x000000c55fc00000] [id=4484]

VM state:at safepoint (normal execution)

VM Mutex/Monitor currently owned by a thread:  ([mutex/lock_event])
[0x0000021204f33fa0] Threads_lock - owner thread: 0x000002121b711800
[0x0000021204f34eb0] Heap_lock - owner thread: 0x0000021204f38000

heap address: 0x0000000081400000, size: 2028 MB, Compressed Oops mode: 32-bit
Narrow klass base: 0x0000000000000000, Narrow klass shift: 3
Compressed class space size: 1073741824 Address: 0x0000000100000000

Heap:
 PSYoungGen      total 38400K, used 19372K [0x00000000d5c00000, 0x00000000d8680000, 0x0000000100000000)
  eden space 33280K, 58% used [0x00000000d5c00000,0x00000000d6eeb340,0x00000000d7c80000)
  from space 5120K, 0% used [0x00000000d8180000,0x00000000d8180000,0x00000000d8680000)
  to   space 5120K, 6% used [0x00000000d7c80000,0x00000000d7cd8000,0x00000000d8180000)
 ParOldGen       total 87552K, used 80K [0x0000000081400000, 0x0000000086980000, 0x00000000d5c00000)
  object space 87552K, 0% used [0x0000000081400000,0x0000000081414010,0x0000000086980000)
 Metaspace       used 9119K, capacity 9357K, committed 9472K, reserved 1062912K
  class space    used 1088K, capacity 1165K, committed 1280K, reserved 1048576K

Card table byte_map: [0x0000021215cb0000,0x00000212160b0000] byte_map_base: 0x00000212158a6000

Marking Bits: (ParMarkBitMap*) 0x00000000681e7fe0
 Begin Bits: [0x0000021216360000, 0x0000021218310000)
 End Bits:   [0x0000021218310000, 0x000002121a2c0000)

Polling page: 0x00000212050f0000

CodeCache: size=245760Kb used=2941Kb max_used=2941Kb free=242818Kb
 bounds [0x00000212068f0000, 0x0000021206bd0000, 0x00000212158f0000]
 total_blobs=1103 nmethods=774 adapters=241
 compilation: disabled (not enough contiguous free space left)

Compilation events (10 events):
Event: 1.051 Thread 0x000002121b761800  720       3       java.io.File::<init> (113 bytes)
Event: 1.052 Thread 0x000002121b761800 nmethod 720 0x0000021206bb5a10 code [0x0000021206bb5c80, 0x0000021206bb69b0]
Event: 1.052 Thread 0x000002121b761800  721       3       java.util.zip.ZipEntry::getSize (5 bytes)
Event: 1.052 Thread 0x000002121b761800 nmethod 721 0x0000021206bb6fd0 code [0x0000021206bb7120, 0x0000021206bb7278]
Event: 1.052 Thread 0x000002121b761800  723   !   3       java.util.zip.ZipFile::releaseInflater (41 bytes)
Event: 1.052 Thread 0x000002121b761800 nmethod 723 0x0000021206bb7310 code [0x0000021206bb74c0, 0x0000021206bb7be0]
Event: 1.052 Thread 0x000002121b761800  722       3       java.util.ArrayList::grow (45 bytes)
Event: 1.053 Thread 0x000002121b761800 nmethod 722 0x0000021206bb7ed0 code [0x0000021206bb8060, 0x0000021206bb8560]
Event: 1.055 Thread 0x000002121b761800  724       1       java.lang.reflect.Method::getModifiers (5 bytes)
Event: 1.055 Thread 0x000002121b761800 nmethod 724 0x0000021206bb8750 code [0x0000021206bb88a0, 0x0000021206bb89b8]

GC Heap History (0 events):
No events

Deoptimization events (2 events):
Event: 0.489 Thread 0x0000021204f38000 Uncommon trap: reason=unstable_if action=reinterpret pc=0x0000021206b030b4 method=sun.misc.MetaIndex.mayContain(Ljava/lang/String;)Z @ 38
Event: 0.518 Thread 0x0000021204f38000 Uncommon trap: reason=unstable_if action=reinterpret pc=0x0000021206aa072c method=java.lang.String.indexOf([CII[CIII)I @ 3

Classes redefined (0 events):
No events

Internal exceptions (10 events):
Event: 0.049 Thread 0x0000021204f38000 Exception <a 'java/lang/NoSuchMethodError': Method sun.misc.Unsafe.prefetchRead(Ljava/lang/Object;J)V name or signature does not match> (0x00000000d5c07fa8) thrown at [C:\jenkins\workspace\8-2-build-windows-amd64-cygwin\jdk8u271\605\hotspot\src\share\vm\p
Event: 0.278 Thread 0x0000021204f38000 Exception <a 'java/lang/ArrayIndexOutOfBoundsException'> (0x00000000d613c8e0) thrown at [C:\jenkins\workspace\8-2-build-windows-amd64-cygwin\jdk8u271\605\hotspot\src\share\vm\runtime\sharedRuntime.cpp, line 609]
Event: 0.278 Thread 0x0000021204f38000 Exception <a 'java/lang/ArrayIndexOutOfBoundsException'> (0x00000000d613d7e8) thrown at [C:\jenkins\workspace\8-2-build-windows-amd64-cygwin\jdk8u271\605\hotspot\src\share\vm\runtime\sharedRuntime.cpp, line 609]
Event: 0.286 Thread 0x0000021204f38000 Exception <a 'java/security/PrivilegedActionException'> (0x00000000d6161dd0) thrown at [C:\jenkins\workspace\8-2-build-windows-amd64-cygwin\jdk8u271\605\hotspot\src\share\vm\prims\jvm.cpp, line 1512]
Event: 0.286 Thread 0x0000021204f38000 Exception <a 'java/security/PrivilegedActionException'> (0x00000000d6161fe0) thrown at [C:\jenkins\workspace\8-2-build-windows-amd64-cygwin\jdk8u271\605\hotspot\src\share\vm\prims\jvm.cpp, line 1512]
Event: 0.287 Thread 0x0000021204f38000 Exception <a 'java/security/PrivilegedActionException'> (0x00000000d6165c50) thrown at [C:\jenkins\workspace\8-2-build-windows-amd64-cygwin\jdk8u271\605\hotspot\src\share\vm\prims\jvm.cpp, line 1512]
Event: 0.287 Thread 0x0000021204f38000 Exception <a 'java/security/PrivilegedActionException'> (0x00000000d6165e60) thrown at [C:\jenkins\workspace\8-2-build-windows-amd64-cygwin\jdk8u271\605\hotspot\src\share\vm\prims\jvm.cpp, line 1512]
Event: 0.379 Thread 0x0000021204f38000 Exception <a 'java/lang/NoSuchFieldError': method resolution failed> (0x00000000d63b63e0) thrown at [C:\jenkins\workspace\8-2-build-windows-amd64-cygwin\jdk8u271\605\hotspot\src\share\vm\prims\methodHandles.cpp, line 1169]
Event: 0.381 Thread 0x0000021204f38000 Exception <a 'java/lang/NoSuchFieldError': method resolution failed> (0x00000000d63c3730) thrown at [C:\jenkins\workspace\8-2-build-windows-amd64-cygwin\jdk8u271\605\hotspot\src\share\vm\prims\methodHandles.cpp, line 1169]
Event: 0.993 Thread 0x0000021204f38000 Exception <a 'java/lang/NoSuchMethodError': java.lang.Object.lambda$comparingInt$7b0bb60$1(Ljava/util/function/ToIntFunction;Ljava/lang/Object;Ljava/lang/Object;)I> (0x00000000d6ba1658) thrown at [C:\jenkins\workspace\8-2-build-windows-amd64-cygwin\jdk8u2

Events (10 events):
Event: 1.054 loading class org/testng/IObjectFactory
Event: 1.054 loading class org/testng/IObjectFactory done
Event: 1.055 loading class org/testng/internal/annotations/AnnotationHelper
Event: 1.055 loading class org/testng/internal/annotations/AnnotationHelper done
Event: 1.056 loading class java/lang/TypeNotPresentException
Event: 1.056 loading class java/lang/TypeNotPresentException done
Event: 1.056 loading class org/testng/annotations/IConfigurationAnnotation
Event: 1.056 loading class org/testng/annotations/IConfigurationAnnotation done
Event: 1.056 loading class org/testng/annotations/CustomAttribute
Event: 1.056 loading class org/testng/annotations/CustomAttribute done


Dynamic libraries:
0x00007ff779ca0000 - 0x00007ff779ce7000 	C:\Program Files\Java\jre1.8.0_271\bin\javaw.exe
0x00007ffcdfd50000 - 0x00007ffcdff45000 	C:\WINDOWS\SYSTEM32\ntdll.dll
0x00007ffcdef40000 - 0x00007ffcdeffd000 	C:\WINDOWS\System32\KERNEL32.DLL
0x00007ffcdd850000 - 0x00007ffcddb19000 	C:\WINDOWS\System32\KERNELBASE.dll
0x00007ffcde170000 - 0x00007ffcde21c000 	C:\WINDOWS\System32\ADVAPI32.dll
0x00007ffcde220000 - 0x00007ffcde2be000 	C:\WINDOWS\System32\msvcrt.dll
0x00007ffcdf000000 - 0x00007ffcdf09c000 	C:\WINDOWS\System32\sechost.dll
0x00007ffcdded0000 - 0x00007ffcddffb000 	C:\WINDOWS\System32\RPCRT4.dll
0x00007ffcdeda0000 - 0x00007ffcdef40000 	C:\WINDOWS\System32\USER32.dll
0x00007ffcdd490000 - 0x00007ffcdd4b2000 	C:\WINDOWS\System32\win32u.dll
0x00007ffcde3a0000 - 0x00007ffcde3ca000 	C:\WINDOWS\System32\GDI32.dll
0x00007ffcddc00000 - 0x00007ffcddd0b000 	C:\WINDOWS\System32\gdi32full.dll
0x00007ffcddd10000 - 0x00007ffcdddad000 	C:\WINDOWS\System32\msvcp_win.dll
0x00007ffcdd6d0000 - 0x00007ffcdd7d0000 	C:\WINDOWS\System32\ucrtbase.dll
0x00007ffcc35a0000 - 0x00007ffcc383a000 	C:\WINDOWS\WinSxS\amd64_microsoft.windows.common-controls_6595b64144ccf1df_6.0.19041.844_none_ca00b6081b84eb1d\COMCTL32.dll
0x00007ffcdde90000 - 0x00007ffcddec0000 	C:\WINDOWS\System32\IMM32.DLL
0x00007ffccdac0000 - 0x00007ffccdad5000 	C:\Program Files\Java\jre1.8.0_271\bin\vcruntime140.dll
0x00007ffccd9b0000 - 0x00007ffccda4b000 	C:\Program Files\Java\jre1.8.0_271\bin\msvcp140.dll
0x00000000679f0000 - 0x000000006825f000 	C:\Program Files\Java\jre1.8.0_271\bin\server\jvm.dll
0x00007ffcdde80000 - 0x00007ffcdde88000 	C:\WINDOWS\System32\PSAPI.DLL
0x00007ffcc85a0000 - 0x00007ffcc85a9000 	C:\WINDOWS\SYSTEM32\WSOCK32.dll
0x00007ffcdf0a0000 - 0x00007ffcdf10b000 	C:\WINDOWS\System32\WS2_32.dll
0x00007ffcc2db0000 - 0x00007ffcc2dd7000 	C:\WINDOWS\SYSTEM32\WINMM.dll
0x00007ffcd4cd0000 - 0x00007ffcd4cda000 	C:\WINDOWS\SYSTEM32\VERSION.dll
0x00007ffcdbfe0000 - 0x00007ffcdbff2000 	C:\WINDOWS\SYSTEM32\kernel.appcore.dll
0x00007ffcbefd0000 - 0x00007ffcbefe0000 	C:\Program Files\Java\jre1.8.0_271\bin\verify.dll
0x00007ffcb65d0000 - 0x00007ffcb65fb000 	C:\Program Files\Java\jre1.8.0_271\bin\java.dll
0x00007ffcbef80000 - 0x00007ffcbef98000 	C:\Program Files\Java\jre1.8.0_271\bin\zip.dll
0x00007ffcde650000 - 0x00007ffcded92000 	C:\WINDOWS\System32\SHELL32.dll
0x00007ffcdb1e0000 - 0x00007ffcdb970000 	C:\WINDOWS\SYSTEM32\windows.storage.dll
0x00007ffcdf110000 - 0x00007ffcdf465000 	C:\WINDOWS\System32\combase.dll
0x00007ffcdcf00000 - 0x00007ffcdcf2c000 	C:\WINDOWS\SYSTEM32\Wldp.dll
0x00007ffcdddd0000 - 0x00007ffcdde7e000 	C:\WINDOWS\System32\SHCORE.dll
0x00007ffcde5f0000 - 0x00007ffcde645000 	C:\WINDOWS\System32\shlwapi.dll
0x00007ffcdd3d0000 - 0x00007ffcdd3ef000 	C:\WINDOWS\SYSTEM32\profapi.dll
0x00007ffcb75a0000 - 0x00007ffcb75bc000 	C:\Program Files\Java\jre1.8.0_271\bin\net.dll
0x00007ffcdcc80000 - 0x00007ffcdccea000 	C:\WINDOWS\system32\mswsock.dll
0x00007ffcdc970000 - 0x00007ffcdca3b000 	C:\WINDOWS\SYSTEM32\DNSAPI.dll
0x00007ffcdc920000 - 0x00007ffcdc95b000 	C:\WINDOWS\SYSTEM32\IPHLPAPI.DLL
0x00007ffcddec0000 - 0x00007ffcddec8000 	C:\WINDOWS\System32\NSI.dll
0x00007ffcd50c0000 - 0x00007ffcd50ca000 	C:\Windows\System32\rasadhlp.dll
0x00007ffccd580000 - 0x00007ffccd5ff000 	C:\WINDOWS\System32\fwpuclnt.dll
0x00007ffcddbd0000 - 0x00007ffcddbf7000 	C:\WINDOWS\System32\bcrypt.dll
0x00007ffcdce50000 - 0x00007ffcdce68000 	C:\WINDOWS\SYSTEM32\CRYPTSP.dll
0x00007ffcdc5b0000 - 0x00007ffcdc5e4000 	C:\WINDOWS\system32\rsaenh.dll
0x00007ffcdd390000 - 0x00007ffcdd3be000 	C:\WINDOWS\SYSTEM32\USERENV.dll
0x00007ffcdd7d0000 - 0x00007ffcdd850000 	C:\WINDOWS\System32\bcryptprimitives.dll
0x00007ffcdce70000 - 0x00007ffcdce7c000 	C:\WINDOWS\SYSTEM32\CRYPTBASE.dll
0x00007ffcdb1a0000 - 0x00007ffcdb1b7000 	C:\WINDOWS\SYSTEM32\dhcpcsvc6.DLL
0x00007ffcdb180000 - 0x00007ffcdb19d000 	C:\WINDOWS\SYSTEM32\dhcpcsvc.DLL
0x00007ffcb74f0000 - 0x00007ffcb7503000 	C:\Program Files\Java\jre1.8.0_271\bin\nio.dll

VM Arguments:
jvm_args: -ea -Dfile.encoding=Cp1252 
java_command: org.testng.remote.RemoteTestNG -serport 57084 -protocol json -d C:\Users\HP\eclipse-workspace\FRAMEWORK\test-output C:\Users\HP\AppData\Local\Temp\testng-eclipse-1318655644\testng-customsuite.xml
java_class_path (initial): D:\Eclipse photon Java IDE\eclipse\configuration\org.eclipse.osgi\543\0\.cp\lib\testng-remote.jar;C:\Program Files\Java\jre1.8.0_271\lib\resources.jar;C:\Program Files\Java\jre1.8.0_271\lib\rt.jar;C:\Program Files\Java\jre1.8.0_271\lib\jsse.jar;C:\Program Files\Java\jre1.8.0_271\lib\jce.jar;C:\Program Files\Java\jre1.8.0_271\lib\charsets.jar;C:\Program Files\Java\jre1.8.0_271\lib\jfr.jar;C:\Program Files\Java\jre1.8.0_271\lib\ext\access-bridge-64.jar;C:\Program Files\Java\jre1.8.0_271\lib\ext\cldrdata.jar;C:\Program Files\Java\jre1.8.0_271\lib\ext\dnsns.jar;C:\Program Files\Java\jre1.8.0_271\lib\ext\jaccess.jar;C:\Program Files\Java\jre1.8.0_271\lib\ext\jfxrt.jar;C:\Program Files\Java\jre1.8.0_271\lib\ext\localedata.jar;C:\Program Files\Java\jre1.8.0_271\lib\ext\nashorn.jar;C:\Program Files\Java\jre1.8.0_271\lib\ext\sunec.jar;C:\Program Files\Java\jre1.8.0_271\lib\ext\sunjce_provider.jar;C:\Program Files\Java\jre1.8.0_271\lib\ext\sunmscapi.jar;C:\Program Files\Java\jre1.8.0_271\lib\ext\sunpkcs11.jar;C:\Program Files\Java\jre1.8.0_271\lib\ext\zipfs.jar;C:\Users\HP\eclipse-workspace\FRAMEWORK\bin;C:\Users\HP\Downloads\selenium-server-standalone-3.141.59.jar;C:\Users\HP\Downloads\poi-bin-5.0.0-20210120\poi-5.0.0\batik-all-1.13.jar;C:\Users\HP\Downloads\poi-bin-5.0.0-20210120\poi-5.0.0\bcpkix-jdk15on-1.68.jar;C:\Users\HP\Downloads\poi-bin-5.0.0-20210120\poi-5.0.0\bcprov-jdk15on-1.68.jar;C:\Users\HP\Downloads\poi-bin-5.0.0-20210120\poi-5.0.0\commons-codec-1.15.jar;C:\Users\HP\Downloads\poi-bin-5.0.0-20210120\poi-5.0.0\commons-collections4-4.4.jar;C:\Users\HP\Downloads\poi-bin-5.0.0-20210120\poi-5.0.0\commons-compress-1.20.jar;C:\Users\HP\Downloads\poi-bin-5.0.0-20210120\poi-5.0.0\commons-math3-3.6.1.jar;C:\Users\HP\Downloads\poi-bin-5.0.0-20210120\poi-5.0.0\curvesapi-1.06.jar;C:\Users\HP\Downloads\poi-bin-5.0.0-20210120\poi-5.0.0\fontbox-2.0.22.jar;C:\Users\HP\Downloads\poi-bin-5.0.0-20210120\poi-5.0.0\graphics2d-0.30.jar;C:\Users\HP\Download
Launcher Type: SUN_STANDARD

Environment Variables:
PATH=C:/Program Files/Java/jre1.8.0_271/bin/server;C:/Program Files/Java/jre1.8.0_271/bin;C:/Program Files/Java/jre1.8.0_271/lib/amd64;C:\Program Files (x86)\Common Files\Oracle\Java\javapath;C:\WINDOWS\system32;C:\WINDOWS;C:\WINDOWS\System32\Wbem;C:\WINDOWS\System32\WindowsPowerShell\v1.0\;C:\Program Files (x86)\Windows Kits\8.1\Windows Performance Toolkit\;C:\Program Files\Git\cmd;C:\Program Files\Git\mingw64\bin;C:\Program Files\Git\usr\bin;C:\Program Files\Microsoft SQL Server\Client SDK\ODBC\110\Tools\Binn\;C:\WINDOWS\System32\OpenSSH\;C:\Program Files\Azure Data Studio\bin;C:\Program Files\Java\jre1.8.0_271\bin;C:\Users\HP\AppData\Local\Microsoft\WindowsApps;C:\Users\HP\AppData\Local\Programs\Microsoft VS Code\bin;C:\Program Files\JetBrains\PyCharm Community Edition 2020.2.3\bin;;;C:\Program Files\Azure Data Studio\bin;D:\Eclipse photon Java IDE\eclipse;
USERNAME=HP
OS=Windows_NT
PROCESSOR_IDENTIFIER=Intel64 Family 6 Model 142 Stepping 9, GenuineIntel



---------------  S Y S T E M  ---------------

OS: Windows 10.0 , 64 bit Build 19041 (10.0.19041.804)

CPU:total 4 (initial active 4) (2 cores per cpu, 2 threads per core) family 6 model 142 stepping 9, cmov, cx8, fxsr, mmx, sse, sse2, sse3, ssse3, sse4.1, sse4.2, popcnt, avx, avx2, aes, clmul, erms, 3dnowpref, lzcnt, ht, tsc, tscinvbit, bmi1, bmi2, adx

Memory: 4k page, physical 8303528k(1680452k free), swap 10258344k(4740k free)

vm_info: Java HotSpot(TM) 64-Bit Server VM (25.271-b09) for windows-amd64 JRE (1.8.0_271-b09), built on Sep 16 2020 19:14:59 by "" with MS VC++ 15.9 (VS2017)

time: Mon Mar 29 16:44:13 2021
timezone: India Standard Time
elapsed time: 1.102875 seconds (0d 0h 0m 1s)

