#
# There is insufficient memory for the Java Runtime Environment to continue.
# Native memory allocation (malloc) failed to allocate 32744 bytes for ChunkPool::allocate
# Possible reasons:
#   The system is out of physical RAM or swap space
#   The process is running with CompressedOops enabled, and the Java Heap may be blocking the growth of the native heap
# Possible solutions:
#   Reduce memory load on the system
#   Increase physical memory or swap space
#   Check if swap backing store is full
#   Decrease Java heap size (-Xmx/-Xms)
#   Decrease number of Java threads
#   Decrease Java thread stack sizes (-Xss)
#   Set larger code cache with -XX:ReservedCodeCacheSize=
#   JVM is running with Unscaled Compressed Oops mode in which the Java heap is
#     placed in the first 4GB address space. The Java Heap base address is the
#     maximum limit for the native heap growth. Please use -XX:HeapBaseMinAddress
#     to set the Java Heap base and to place the Java Heap above 4GB virtual address.
# This output file may be truncated or incomplete.
#
#  Out of Memory Error (allocation.cpp:272), pid=4208, tid=0x0000000000004920
#
# JRE version: Java(TM) SE Runtime Environment (8.0_271-b09) (build 1.8.0_271-b09)
# Java VM: Java HotSpot(TM) 64-Bit Server VM (25.271-b09 mixed mode windows-amd64 compressed oops)
# Failed to write core dump. Minidumps are not enabled by default on client versions of Windows
#

---------------  T H R E A D  ---------------

Current thread (0x0000017b9adae800):  JavaThread "C2 CompilerThread1" daemon [_thread_in_native, id=18720, stack(0x0000003217700000,0x0000003217800000)]

Stack: [0x0000003217700000,0x0000003217800000]
Native frames: (J=compiled Java code, j=interpreted, Vv=VM code, C=native code)
V  [jvm.dll+0x33f6c9]


Current CompileTask:
C2:  12548 1737       4       java.util.regex.Pattern$CharProperty::match (56 bytes)


---------------  P R O C E S S  ---------------

Java Threads: ( => current thread )
  0x0000017b9c1fb000 JavaThread "Okio Watchdog" daemon [_thread_blocked, id=19364, stack(0x0000003218300000,0x0000003218400000)]
  0x0000017b9c3d2000 JavaThread "OkHttp ConnectionPool" daemon [_thread_blocked, id=19884, stack(0x0000003218200000,0x0000003218300000)]
  0x0000017b9c418800 JavaThread "Exec Stream Pumper" daemon [_thread_in_native, id=1260, stack(0x0000003218000000,0x0000003218100000)]
  0x0000017b9c418000 JavaThread "Exec Stream Pumper" daemon [_thread_in_native, id=4576, stack(0x0000003217f00000,0x0000003218000000)]
  0x0000017b9c3d9800 JavaThread "UrlChecker-2" daemon [_thread_blocked, id=19652, stack(0x0000003217e00000,0x0000003217f00000)]
  0x0000017b9c3d8800 JavaThread "Exec Default Executor" daemon [_thread_in_native, id=1436, stack(0x0000003217d00000,0x0000003217e00000)]
  0x0000017b9ae41000 JavaThread "Service Thread" daemon [_thread_blocked, id=18400, stack(0x0000003217900000,0x0000003217a00000)]
  0x0000017b9adb1800 JavaThread "C1 CompilerThread2" daemon [_thread_blocked, id=20012, stack(0x0000003217800000,0x0000003217900000)]
=>0x0000017b9adae800 JavaThread "C2 CompilerThread1" daemon [_thread_in_native, id=18720, stack(0x0000003217700000,0x0000003217800000)]
  0x0000017b9ada4800 JavaThread "C2 CompilerThread0" daemon [_thread_blocked, id=4508, stack(0x0000003217600000,0x0000003217700000)]
  0x0000017b9ada2800 JavaThread "Attach Listener" daemon [_thread_blocked, id=21932, stack(0x0000003217500000,0x0000003217600000)]
  0x0000017b9ada1800 JavaThread "Signal Dispatcher" daemon [_thread_blocked, id=15792, stack(0x0000003217400000,0x0000003217500000)]
  0x0000017b9a65e000 JavaThread "Finalizer" daemon [_thread_blocked, id=11008, stack(0x0000003217300000,0x0000003217400000)]
  0x0000017b9a656800 JavaThread "Reference Handler" daemon [_thread_blocked, id=20448, stack(0x0000003217200000,0x0000003217300000)]
  0x0000017b845f8800 JavaThread "main" [_thread_in_native, id=13568, stack(0x0000003216c00000,0x0000003216d00000)]

Other Threads:
  0x0000017b9ad63000 VMThread [stack: 0x0000003217100000,0x0000003217200000] [id=21760]
  0x0000017b9ae47800 WatcherThread [stack: 0x0000003217a00000,0x0000003217b00000] [id=18528]

VM state:not at safepoint (normal execution)

VM Mutex/Monitor currently owned by a thread: None

heap address: 0x0000000081400000, size: 2028 MB, Compressed Oops mode: 32-bit
Narrow klass base: 0x0000000000000000, Narrow klass shift: 3
Compressed class space size: 1073741824 Address: 0x0000000100000000

Heap:
 PSYoungGen      total 38400K, used 38161K [0x00000000d5c00000, 0x00000000d8680000, 0x0000000100000000)
  eden space 33280K, 99% used [0x00000000d5c00000,0x00000000d7c46fc0,0x00000000d7c80000)
  from space 5120K, 99% used [0x00000000d7c80000,0x00000000d817d5b0,0x00000000d8180000)
  to   space 5120K, 0% used [0x00000000d8180000,0x00000000d8180000,0x00000000d8680000)
 ParOldGen       total 87552K, used 1704K [0x0000000081400000, 0x0000000086980000, 0x00000000d5c00000)
  object space 87552K, 1% used [0x0000000081400000,0x00000000815aa250,0x0000000086980000)
 Metaspace       used 18109K, capacity 18972K, committed 19200K, reserved 1067008K
  class space    used 2293K, capacity 2532K, committed 2560K, reserved 1048576K

Card table byte_map: [0x0000017b95320000,0x0000017b95720000] byte_map_base: 0x0000017b94f16000

Marking Bits: (ParMarkBitMap*) 0x000000005a787fe0
 Begin Bits: [0x0000017b959d0000, 0x0000017b97980000)
 End Bits:   [0x0000017b97980000, 0x0000017b99930000)

Polling page: 0x0000017b845b0000

CodeCache: size=245760Kb used=5807Kb max_used=5807Kb free=239952Kb
 bounds [0x0000017b85f60000, 0x0000017b86510000, 0x0000017b94f60000]
 total_blobs=2194 nmethods=1751 adapters=355
 compilation: enabled

Compilation events (10 events):
Event: 12.475 Thread 0x0000017b9adb1800 1748       3       java.nio.ByteBuffer::<init> (45 bytes)
Event: 12.475 Thread 0x0000017b9adb1800 nmethod 1748 0x0000017b86506550 code [0x0000017b865066c0, 0x0000017b86506910]
Event: 12.475 Thread 0x0000017b9adb1800 1750       3       java.nio.ByteBuffer::hasArray (20 bytes)
Event: 12.476 Thread 0x0000017b9adb1800 nmethod 1750 0x0000017b8650d010 code [0x0000017b8650d160, 0x0000017b8650d358]
Event: 12.476 Thread 0x0000017b9adb1800 1749       3       sun.nio.cs.UTF_8$Decoder::decodeLoop (28 bytes)
Event: 12.476 Thread 0x0000017b9adb1800 nmethod 1749 0x0000017b8650d3d0 code [0x0000017b8650d560, 0x0000017b8650daa0]
Event: 12.476 Thread 0x0000017b9adb1800 1751       3       java.nio.CharBuffer::hasArray (20 bytes)
Event: 12.476 Thread 0x0000017b9adb1800 nmethod 1751 0x0000017b8650dc10 code [0x0000017b8650dd60, 0x0000017b8650df58]
Event: 12.476 Thread 0x0000017b9adb1800 1752       3       java.nio.charset.CoderResult::isOverflow (14 bytes)
Event: 12.477 Thread 0x0000017b9adb1800 nmethod 1752 0x0000017b8650dfd0 code [0x0000017b8650e120, 0x0000017b8650e2d8]

GC Heap History (2 events):
Event: 1.189 GC heap before
{Heap before GC invocations=1 (full 0):
 PSYoungGen      total 38400K, used 33280K [0x00000000d5c00000, 0x00000000d8680000, 0x0000000100000000)
  eden space 33280K, 100% used [0x00000000d5c00000,0x00000000d7c80000,0x00000000d7c80000)
  from space 5120K, 0% used [0x00000000d8180000,0x00000000d8180000,0x00000000d8680000)
  to   space 5120K, 0% used [0x00000000d7c80000,0x00000000d7c80000,0x00000000d8180000)
 ParOldGen       total 87552K, used 0K [0x0000000081400000, 0x0000000086980000, 0x00000000d5c00000)
  object space 87552K, 0% used [0x0000000081400000,0x0000000081400000,0x0000000086980000)
 Metaspace       used 12728K, capacity 13040K, committed 13184K, reserved 1060864K
  class space    used 1537K, capacity 1653K, committed 1664K, reserved 1048576K
Event: 1.196 GC heap after
Heap after GC invocations=1 (full 0):
 PSYoungGen      total 38400K, used 5109K [0x00000000d5c00000, 0x00000000d8680000, 0x0000000100000000)
  eden space 33280K, 0% used [0x00000000d5c00000,0x00000000d5c00000,0x00000000d7c80000)
  from space 5120K, 99% used [0x00000000d7c80000,0x00000000d817d5b0,0x00000000d8180000)
  to   space 5120K, 0% used [0x00000000d8180000,0x00000000d8180000,0x00000000d8680000)
 ParOldGen       total 87552K, used 1704K [0x0000000081400000, 0x0000000086980000, 0x00000000d5c00000)
  object space 87552K, 1% used [0x0000000081400000,0x00000000815aa250,0x0000000086980000)
 Metaspace       used 12728K, capacity 13040K, committed 13184K, reserved 1060864K
  class space    used 1537K, capacity 1653K, committed 1664K, reserved 1048576K
}

Deoptimization events (10 events):
Event: 2.373 Thread 0x0000017b845f8800 Uncommon trap: reason=class_check action=maybe_recompile pc=0x0000017b8638b634 method=java.util.regex.Pattern$Curly.match(Ljava/util/regex/Matcher;ILjava/lang/CharSequence;)Z @ 19
Event: 2.373 Thread 0x0000017b845f8800 Uncommon trap: reason=class_check action=maybe_recompile pc=0x0000017b863f89dc method=java.util.regex.Matcher.search(I)Z @ 86
Event: 2.373 Thread 0x0000017b845f8800 Uncommon trap: reason=class_check action=maybe_recompile pc=0x0000017b863f89dc method=java.util.regex.Matcher.search(I)Z @ 86
Event: 2.373 Thread 0x0000017b845f8800 Uncommon trap: reason=class_check action=maybe_recompile pc=0x0000017b863f89dc method=java.util.regex.Matcher.search(I)Z @ 86
Event: 2.373 Thread 0x0000017b845f8800 Uncommon trap: reason=class_check action=maybe_recompile pc=0x0000017b8638b634 method=java.util.regex.Pattern$Curly.match(Ljava/util/regex/Matcher;ILjava/lang/CharSequence;)Z @ 19
Event: 2.381 Thread 0x0000017b845f8800 Uncommon trap: reason=class_check action=maybe_recompile pc=0x0000017b8638b634 method=java.util.regex.Pattern$Curly.match(Ljava/util/regex/Matcher;ILjava/lang/CharSequence;)Z @ 19
Event: 2.381 Thread 0x0000017b845f8800 Uncommon trap: reason=class_check action=maybe_recompile pc=0x0000017b8638b634 method=java.util.regex.Pattern$Curly.match(Ljava/util/regex/Matcher;ILjava/lang/CharSequence;)Z @ 19
Event: 2.425 Thread 0x0000017b845f8800 Uncommon trap: reason=unstable_if action=reinterpret pc=0x0000017b862f545c method=java.util.regex.Pattern$BmpCharProperty.match(Ljava/util/regex/Matcher;ILjava/lang/CharSequence;)Z @ 34
Event: 5.775 Thread 0x0000017b845f8800 Uncommon trap: reason=unstable_if action=reinterpret pc=0x0000017b864bc308 method=java.util.concurrent.ConcurrentHashMap.putVal(Ljava/lang/Object;Ljava/lang/Object;Z)Ljava/lang/Object; @ 181
Event: 11.610 Thread 0x0000017b845f8800 Uncommon trap: reason=unstable_if action=reinterpret pc=0x0000017b86470a00 method=java.util.concurrent.ConcurrentHashMap.get(Ljava/lang/Object;)Ljava/lang/Object; @ 76

Classes redefined (0 events):
No events

Internal exceptions (10 events):
Event: 2.262 Thread 0x0000017b845f8800 Exception <a 'java/lang/NoSuchMethodError': java.lang.Object.lambda$or$2(Ljava/util/function/Predicate;Ljava/lang/Object;)Z> (0x00000000d6a43f70) thrown at [C:\jenkins\workspace\8-2-build-windows-amd64-cygwin\jdk8u271\605\hotspot\src\share\vm\interpreter\
Event: 2.287 Thread 0x0000017b845f8800 Exception <a 'java/lang/ArrayIndexOutOfBoundsException': 110> (0x00000000d6b4c6d0) thrown at [C:\jenkins\workspace\8-2-build-windows-amd64-cygwin\jdk8u271\605\hotspot\src\share\vm\interpreter\interpreterRuntime.cpp, line 371]
Event: 2.287 Thread 0x0000017b845f8800 Exception <a 'java/lang/ArrayIndexOutOfBoundsException': 88> (0x00000000d6b4ddf8) thrown at [C:\jenkins\workspace\8-2-build-windows-amd64-cygwin\jdk8u271\605\hotspot\src\share\vm\interpreter\interpreterRuntime.cpp, line 371]
Event: 2.287 Thread 0x0000017b845f8800 Exception <a 'java/lang/ArrayIndexOutOfBoundsException': 92> (0x00000000d6b52550) thrown at [C:\jenkins\workspace\8-2-build-windows-amd64-cygwin\jdk8u271\605\hotspot\src\share\vm\interpreter\interpreterRuntime.cpp, line 371]
Event: 2.320 Thread 0x0000017b845f8800 Exception <a 'java/lang/NoSuchMethodError': java.lang.Object.lambda$chars$0()Ljava/util/Spliterator$OfInt;> (0x00000000d6db3aa8) thrown at [C:\jenkins\workspace\8-2-build-windows-amd64-cygwin\jdk8u271\605\hotspot\src\share\vm\interpreter\linkResolver.cpp,
Event: 5.684 Thread 0x0000017b845f8800 Exception <a 'java/lang/NoSuchMethodError': java.lang.Object.lambda$getResponseFunction$0(Lorg/openqa/selenium/remote/InitialHandshakeResponse;)Lorg/openqa/selenium/remote/ProtocolHandshake$Result;> (0x00000000d7644cd0) thrown at [C:\jenkins\workspace\8-2
Event: 8.165 Thread 0x0000017b845f8800 Exception <a 'java/net/SocketTimeoutException': Read timed out> (0x00000000d77d1f38) thrown at [C:\jenkins\workspace\8-2-build-windows-amd64-cygwin\jdk8u271\605\hotspot\src\share\vm\prims\jni.cpp, line 737]
Event: 8.228 Thread 0x0000017b845f8800 Exception <a 'java/net/SocketTimeoutException': Read timed out> (0x00000000d77eb1b0) thrown at [C:\jenkins\workspace\8-2-build-windows-amd64-cygwin\jdk8u271\605\hotspot\src\share\vm\prims\jni.cpp, line 737]
Event: 12.397 Thread 0x0000017b845f8800 Exception <a 'java/lang/NoSuchMethodError': java.lang.Object.lambda$comparing$77a9974f$1(Ljava/util/function/Function;Ljava/lang/Object;Ljava/lang/Object;)I> (0x00000000d7a38158) thrown at [C:\jenkins\workspace\8-2-build-windows-amd64-cygwin\jdk8u271\605\
Event: 12.398 Thread 0x0000017b845f8800 Exception <a 'java/lang/NoSuchMethodError': java.lang.Object.lambda$thenComparing$36697e65$1(Ljava/util/Comparator;Ljava/lang/Object;Ljava/lang/Object;)I> (0x00000000d7a42ac0) thrown at [C:\jenkins\workspace\8-2-build-windows-amd64-cygwin\jdk8u271\605\hot

Events (10 events):
Event: 12.467 loading class org/testng/reporters/jq/SuitePanel
Event: 12.467 loading class org/testng/reporters/jq/SuitePanel done
Event: 12.472 loading class org/testng/ITestResult
Event: 12.472 loading class org/testng/ITestResult done
Event: 12.472 loading class org/testng/ITestResult
Event: 12.472 loading class org/testng/ITestResult done
Event: 12.473 loading class org/testng/reporters/jq/ChronologicalPanel$1
Event: 12.473 loading class org/testng/reporters/jq/ChronologicalPanel$1 done
Event: 12.475 loading class org/testng/reporters/Files
Event: 12.475 loading class org/testng/reporters/Files done


Dynamic libraries:
0x00007ff65be90000 - 0x00007ff65bed7000 	C:\Program Files\Java\jre1.8.0_271\bin\javaw.exe
0x00007ff84ae50000 - 0x00007ff84b045000 	C:\WINDOWS\SYSTEM32\ntdll.dll
0x00007ff84ad50000 - 0x00007ff84ae0d000 	C:\WINDOWS\System32\KERNEL32.DLL
0x00007ff848970000 - 0x00007ff848c39000 	C:\WINDOWS\System32\KERNELBASE.dll
0x00007ff84a100000 - 0x00007ff84a1ac000 	C:\WINDOWS\System32\ADVAPI32.dll
0x00007ff848fb0000 - 0x00007ff84904e000 	C:\WINDOWS\System32\msvcrt.dll
0x00007ff8499d0000 - 0x00007ff849a6c000 	C:\WINDOWS\System32\sechost.dll
0x00007ff849230000 - 0x00007ff84935b000 	C:\WINDOWS\System32\RPCRT4.dll
0x00007ff849830000 - 0x00007ff8499d0000 	C:\WINDOWS\System32\USER32.dll
0x00007ff848cd0000 - 0x00007ff848cf2000 	C:\WINDOWS\System32\win32u.dll
0x00007ff849b40000 - 0x00007ff849b6a000 	C:\WINDOWS\System32\GDI32.dll
0x00007ff8486b0000 - 0x00007ff8487bb000 	C:\WINDOWS\System32\gdi32full.dll
0x00007ff848590000 - 0x00007ff84862d000 	C:\WINDOWS\System32\msvcp_win.dll
0x00007ff848db0000 - 0x00007ff848eb0000 	C:\WINDOWS\System32\ucrtbase.dll
0x00007ff82e3f0000 - 0x00007ff82e68a000 	C:\WINDOWS\WinSxS\amd64_microsoft.windows.common-controls_6595b64144ccf1df_6.0.19041.844_none_ca00b6081b84eb1d\COMCTL32.dll
0x00007ff84a050000 - 0x00007ff84a080000 	C:\WINDOWS\System32\IMM32.DLL
0x00007ff832460000 - 0x00007ff832475000 	C:\Program Files\Java\jre1.8.0_271\bin\vcruntime140.dll
0x00007ff81e2f0000 - 0x00007ff81e38b000 	C:\Program Files\Java\jre1.8.0_271\bin\msvcp140.dll
0x0000000059f90000 - 0x000000005a7ff000 	C:\Program Files\Java\jre1.8.0_271\bin\server\jvm.dll
0x00007ff848f30000 - 0x00007ff848f38000 	C:\WINDOWS\System32\PSAPI.DLL
0x00007ff841370000 - 0x00007ff84137a000 	C:\WINDOWS\SYSTEM32\VERSION.dll
0x00007ff82a5f0000 - 0x00007ff82a617000 	C:\WINDOWS\SYSTEM32\WINMM.dll
0x00007ff832e20000 - 0x00007ff832e29000 	C:\WINDOWS\SYSTEM32\WSOCK32.dll
0x00007ff849ad0000 - 0x00007ff849b3b000 	C:\WINDOWS\System32\WS2_32.dll
0x00007ff847180000 - 0x00007ff847192000 	C:\WINDOWS\SYSTEM32\kernel.appcore.dll
0x00007ff83e600000 - 0x00007ff83e610000 	C:\Program Files\Java\jre1.8.0_271\bin\verify.dll
0x00007ff832500000 - 0x00007ff83252b000 	C:\Program Files\Java\jre1.8.0_271\bin\java.dll
0x00007ff838170000 - 0x00007ff838188000 	C:\Program Files\Java\jre1.8.0_271\bin\zip.dll
0x00007ff84a450000 - 0x00007ff84ab92000 	C:\WINDOWS\System32\SHELL32.dll
0x00007ff8462c0000 - 0x00007ff846a50000 	C:\WINDOWS\SYSTEM32\windows.storage.dll
0x00007ff849cf0000 - 0x00007ff84a045000 	C:\WINDOWS\System32\combase.dll
0x00007ff847f90000 - 0x00007ff847fbc000 	C:\WINDOWS\SYSTEM32\Wldp.dll
0x00007ff849050000 - 0x00007ff8490fe000 	C:\WINDOWS\System32\SHCORE.dll
0x00007ff849a70000 - 0x00007ff849ac5000 	C:\WINDOWS\System32\shlwapi.dll
0x00007ff8484d0000 - 0x00007ff8484ef000 	C:\WINDOWS\SYSTEM32\profapi.dll
0x00007ff830610000 - 0x00007ff83062c000 	C:\Program Files\Java\jre1.8.0_271\bin\net.dll
0x00007ff847cb0000 - 0x00007ff847d1a000 	C:\WINDOWS\system32\mswsock.dll
0x00007ff8479e0000 - 0x00007ff847aab000 	C:\WINDOWS\SYSTEM32\DNSAPI.dll
0x00007ff8479a0000 - 0x00007ff8479db000 	C:\WINDOWS\SYSTEM32\IPHLPAPI.DLL
0x00007ff848f40000 - 0x00007ff848f48000 	C:\WINDOWS\System32\NSI.dll
0x00007ff83f1b0000 - 0x00007ff83f1ba000 	C:\Windows\System32\rasadhlp.dll
0x00007ff839780000 - 0x00007ff8397ff000 	C:\WINDOWS\System32\fwpuclnt.dll
0x00007ff848ca0000 - 0x00007ff848cc7000 	C:\WINDOWS\System32\bcrypt.dll
0x00007ff847e90000 - 0x00007ff847ea8000 	C:\WINDOWS\SYSTEM32\CRYPTSP.dll
0x00007ff847650000 - 0x00007ff847684000 	C:\WINDOWS\system32\rsaenh.dll
0x00007ff848450000 - 0x00007ff84847e000 	C:\WINDOWS\SYSTEM32\USERENV.dll
0x00007ff848630000 - 0x00007ff8486b0000 	C:\WINDOWS\System32\bcryptprimitives.dll
0x00007ff847e80000 - 0x00007ff847e8c000 	C:\WINDOWS\SYSTEM32\CRYPTBASE.dll
0x00007ff8462a0000 - 0x00007ff8462b7000 	C:\WINDOWS\SYSTEM32\dhcpcsvc6.DLL
0x00007ff846280000 - 0x00007ff84629d000 	C:\WINDOWS\SYSTEM32\dhcpcsvc.DLL
0x00007ff82b680000 - 0x00007ff82b693000 	C:\Program Files\Java\jre1.8.0_271\bin\nio.dll
0x00007ff8286b0000 - 0x00007ff8286d4000 	C:\Program Files\Java\jre1.8.0_271\bin\sunec.dll
0x00007ff837fc0000 - 0x00007ff837fcd000 	C:\Program Files\Java\jre1.8.0_271\bin\sunmscapi.dll
0x00007ff8487c0000 - 0x00007ff84891f000 	C:\WINDOWS\System32\CRYPT32.dll
0x00007ff848000000 - 0x00007ff848027000 	C:\WINDOWS\SYSTEM32\ncrypt.dll
0x00007ff847fc0000 - 0x00007ff847ffb000 	C:\WINDOWS\SYSTEM32\NTASN1.dll
0x00007ff834840000 - 0x00007ff834857000 	C:\WINDOWS\system32\napinsp.dll
0x00007ff830910000 - 0x00007ff83092b000 	C:\WINDOWS\system32\pnrpnsp.dll
0x00007ff840db0000 - 0x00007ff840dc5000 	C:\WINDOWS\system32\wshbth.dll
0x00007ff8432e0000 - 0x00007ff8432fd000 	C:\WINDOWS\system32\NLAapi.dll
0x00007ff82a640000 - 0x00007ff82a652000 	C:\WINDOWS\System32\winrnr.dll

VM Arguments:
jvm_args: -ea -Dfile.encoding=Cp1252 
java_command: org.testng.remote.RemoteTestNG -serport 54262 -protocol json -d C:\Users\HP\eclipse-workspace\FRAMEWORK\test-output C:\Users\HP\AppData\Local\Temp\testng-eclipse-1545323081\testng-customsuite.xml
java_class_path (initial): D:\Eclipse photon Java IDE\eclipse\configuration\org.eclipse.osgi\543\0\.cp\lib\testng-remote.jar;C:\Program Files\Java\jre1.8.0_271\lib\resources.jar;C:\Program Files\Java\jre1.8.0_271\lib\rt.jar;C:\Program Files\Java\jre1.8.0_271\lib\jsse.jar;C:\Program Files\Java\jre1.8.0_271\lib\jce.jar;C:\Program Files\Java\jre1.8.0_271\lib\charsets.jar;C:\Program Files\Java\jre1.8.0_271\lib\jfr.jar;C:\Program Files\Java\jre1.8.0_271\lib\ext\access-bridge-64.jar;C:\Program Files\Java\jre1.8.0_271\lib\ext\cldrdata.jar;C:\Program Files\Java\jre1.8.0_271\lib\ext\dnsns.jar;C:\Program Files\Java\jre1.8.0_271\lib\ext\jaccess.jar;C:\Program Files\Java\jre1.8.0_271\lib\ext\jfxrt.jar;C:\Program Files\Java\jre1.8.0_271\lib\ext\localedata.jar;C:\Program Files\Java\jre1.8.0_271\lib\ext\nashorn.jar;C:\Program Files\Java\jre1.8.0_271\lib\ext\sunec.jar;C:\Program Files\Java\jre1.8.0_271\lib\ext\sunjce_provider.jar;C:\Program Files\Java\jre1.8.0_271\lib\ext\sunmscapi.jar;C:\Program Files\Java\jre1.8.0_271\lib\ext\sunpkcs11.jar;C:\Program Files\Java\jre1.8.0_271\lib\ext\zipfs.jar;C:\Users\HP\eclipse-workspace\FRAMEWORK\bin;C:\Users\HP\Downloads\selenium-server-standalone-3.141.59.jar;C:\Users\HP\Downloads\poi-bin-5.0.0-20210120\poi-5.0.0\batik-all-1.13.jar;C:\Users\HP\Downloads\poi-bin-5.0.0-20210120\poi-5.0.0\bcpkix-jdk15on-1.68.jar;C:\Users\HP\Downloads\poi-bin-5.0.0-20210120\poi-5.0.0\bcprov-jdk15on-1.68.jar;C:\Users\HP\Downloads\poi-bin-5.0.0-20210120\poi-5.0.0\commons-codec-1.15.jar;C:\Users\HP\Downloads\poi-bin-5.0.0-20210120\poi-5.0.0\commons-collections4-4.4.jar;C:\Users\HP\Downloads\poi-bin-5.0.0-20210120\poi-5.0.0\commons-compress-1.20.jar;C:\Users\HP\Downloads\poi-bin-5.0.0-20210120\poi-5.0.0\commons-math3-3.6.1.jar;C:\Users\HP\Downloads\poi-bin-5.0.0-20210120\poi-5.0.0\curvesapi-1.06.jar;C:\Users\HP\Downloads\poi-bin-5.0.0-20210120\poi-5.0.0\fontbox-2.0.22.jar;C:\Users\HP\Downloads\poi-bin-5.0.0-20210120\poi-5.0.0\graphics2d-0.30.jar;C:\Users\HP\Download
Launcher Type: SUN_STANDARD

Environment Variables:
PATH=C:/Program Files/Java/jre1.8.0_271/bin/server;C:/Program Files/Java/jre1.8.0_271/bin;C:/Program Files/Java/jre1.8.0_271/lib/amd64;C:\Program Files (x86)\Common Files\Oracle\Java\javapath;C:\WINDOWS\system32;C:\WINDOWS;C:\WINDOWS\System32\Wbem;C:\WINDOWS\System32\WindowsPowerShell\v1.0\;C:\Program Files (x86)\Windows Kits\8.1\Windows Performance Toolkit\;C:\Program Files\Git\cmd;C:\Program Files\Git\mingw64\bin;C:\Program Files\Git\usr\bin;C:\Program Files\Microsoft SQL Server\Client SDK\ODBC\110\Tools\Binn\;C:\WINDOWS\System32\OpenSSH\;C:\Program Files\Azure Data Studio\bin;C:\Program Files\Java\jre1.8.0_271\bin;C:\Users\HP\AppData\Local\Microsoft\WindowsApps;C:\Users\HP\AppData\Local\Programs\Microsoft VS Code\bin;C:\Program Files\JetBrains\PyCharm Community Edition 2020.2.3\bin;;;C:\Program Files\Azure Data Studio\bin;D:\Eclipse photon Java IDE\eclipse;
USERNAME=HP
OS=Windows_NT
PROCESSOR_IDENTIFIER=Intel64 Family 6 Model 142 Stepping 9, GenuineIntel



---------------  S Y S T E M  ---------------

OS: Windows 10.0 , 64 bit Build 19041 (10.0.19041.804)

CPU:total 4 (initial active 4) (2 cores per cpu, 2 threads per core) family 6 model 142 stepping 9, cmov, cx8, fxsr, mmx, sse, sse2, sse3, ssse3, sse4.1, sse4.2, popcnt, avx, avx2, aes, clmul, erms, 3dnowpref, lzcnt, ht, tsc, tscinvbit, bmi1, bmi2, adx

Memory: 4k page, physical 8303528k(2690804k free), swap 10258344k(2108k free)

vm_info: Java HotSpot(TM) 64-Bit Server VM (25.271-b09) for windows-amd64 JRE (1.8.0_271-b09), built on Sep 16 2020 19:14:59 by "" with MS VC++ 15.9 (VS2017)

time: Tue Apr  6 19:11:09 2021
timezone: India Standard Time
elapsed time: 12.556348 seconds (0d 0h 0m 12s)

